This is XeTeX, Version 3.14159265-2.6-0.99998 (TeX Live 2017/Arch Linux) (preloaded format=xelatex 2017.12.31)  17 JUN 2019 18:42
entering extended mode
 restricted \write18 enabled.
 %&-line parsing enabled.
**burmish-patterns
(./burmish-patterns.tex
LaTeX2e <2017-04-15>
Babel <3.15> and hyphenation patterns for 84 language(s) loaded.
(/usr/share/texmf-dist/tex/latex/memoir/memoir.cls
Document Class: memoir 2016/05/16 v3.7f configurable book, report, article docu
ment class
\onelineskip=\skip41
\lxvchars=\skip42
\xlvchars=\skip43
\@memcnta=\count79
\c@@memmarkcntra=\count80
(/usr/share/texmf-dist/tex/generic/oberdiek/ifpdf.sty
Package: ifpdf 2017/03/15 v3.2 Provides the ifpdf switch
)
(/usr/share/texmf-dist/tex/latex/ifetex/ifetex.sty
Package: ifetex 2011/12/15 v1.2 ifetex

(/usr/share/texmf-dist/tex/plain/ifetex/ifetex.tex))
(/usr/share/texmf-dist/tex/generic/ifxetex/ifxetex.sty
Package: ifxetex 2010/09/12 v0.6 Provides ifxetex conditional
)
(/usr/share/texmf-dist/tex/generic/oberdiek/ifluatex.sty
Package: ifluatex 2016/05/16 v1.4 Provides the ifluatex switch (HO)
Package ifluatex Info: LuaTeX not detected.
)
\stockheight=\skip44
\stockwidth=\skip45
\trimtop=\skip46
\trimedge=\skip47

(/usr/share/texmf-dist/tex/latex/memoir/mem11.clo
File: mem11.clo 2008/01/30 v0.3 memoir class 11pt size option
)
\binding=\skip48
\spinemargin=\skip49
\foremargin=\skip50
\uppermargin=\skip51
\lowermargin=\skip52
\headdrop=\skip53
\normalrulethickness=\skip54
\mem@maxheadheight=\skip55
\mem@maxfootheight=\skip56
\headwidth=\skip57
\c@storedpagenumber=\count81
\memPD=\dimen102
\m@mabparskip=\skip58
\thanksmarkwidth=\skip59
\thanksmarksep=\skip60
\droptitle=\skip61
\c@book=\count82
\c@part=\count83
\c@chapter=\count84
\c@section=\count85
\c@subsection=\count86
\c@subsubsection=\count87
\c@paragraph=\count88
\c@subparagraph=\count89
\beforechapskip=\skip62
\midchapskip=\skip63
\afterchapskip=\skip64
\chapindent=\skip65
\bottomsectionskip=\skip66
\secindent=\skip67
\beforesecskip=\skip68
\aftersecskip=\skip69
\subsecindent=\skip70
\beforesubsecskip=\skip71
\aftersubsecskip=\skip72
\subsubsecindent=\skip73
\beforesubsubsecskip=\skip74
\aftersubsubsecskip=\skip75
\paraindent=\skip76
\beforeparaskip=\skip77
\afterparaskip=\skip78
\subparaindent=\skip79
\beforesubparaskip=\skip80
\aftersubparaskip=\skip81
\pfbreakskip=\skip82
\c@@ppsavesec=\count90
\c@@ppsaveapp=\count91
\ragrparindent=\dimen103
\everylistparindent=\dimen104
\parsepi=\skip83
\topsepi=\skip84
\itemsepi=\skip85
\parsepii=\skip86
\topsepii=\skip87
\topsepiii=\skip88
\itemsepii=\skip89
\itemsepiii=\skip90
\partopsepii=\skip91
\partopsepiii=\skip92
\m@msavetopsep=\skip93
\m@msavepartopsep=\skip94
\@enLab=\toks14
\abstitleskip=\skip95
\absleftindent=\skip96
\abs@leftindent=\dimen105
\absrightindent=\skip97
\absparindent=\skip98
\absparsep=\skip99
\c@vslineno=\count92
\c@poemline=\count93
\c@modulo@vs=\count94
\c@memfvsline=\count95
\vleftskip=\skip100
\vrightskip=\skip101
\stanzaskip=\skip102
\versewidth=\skip103
\vgap=\skip104
\vindent=\skip105
\vleftmargin=\dimen106
\c@verse=\count96
\c@chrsinstr=\count97
\beforepoemtitleskip=\skip106
\afterpoemtitleskip=\skip107
\c@poem=\count98
\beforePoemTitleskip=\skip108
\midPoemTitleskip=\skip109
\afterPoemTitleskip=\skip110
\col@sep=\dimen107
\extrarowheight=\dimen108
\NC@list=\toks15
\extratabsurround=\skip111
\backup@length=\skip112
\TX@col@width=\dimen109
\TX@old@table=\dimen110
\TX@old@col=\dimen111
\TX@target=\dimen112
\TX@delta=\dimen113
\TX@cols=\count99
\TX@ftn=\toks16
\heavyrulewidth=\dimen114
\lightrulewidth=\dimen115
\cmidrulewidth=\dimen116
\belowrulesep=\dimen117
\belowbottomsep=\dimen118
\aboverulesep=\dimen119
\abovetopsep=\dimen120
\cmidrulesep=\dimen121
\cmidrulekern=\dimen122
\defaultaddspace=\dimen123
\@cmidla=\count100
\@cmidlb=\count101
\@aboverulesep=\dimen124
\@belowrulesep=\dimen125
\@thisruleclass=\count102
\@lastruleclass=\count103
\@thisrulewidth=\dimen126
\ctableftskip=\skip113
\ctabrightskip=\skip114
\abovecolumnspenalty=\count104
\@linestogo=\count105
\@cellstogo=\count106
\@cellsincolumn=\count107
\crtok=\toks17
\@mincolumnwidth=\dimen127
\c@newflo@tctr=\count108
\mem@margin@floatbox=\box26
\@contcwidth=\skip115
\@contindw=\skip116
\abovecaptionskip=\skip117
\belowcaptionskip=\skip118
\subfloattopskip=\skip119
\subfloatcapskip=\skip120
\subfloatcaptopadj=\skip121
\subfloatbottomskip=\skip122
\subfloatlabelskip=\skip123
\subfloatcapmargin=\dimen128
\c@@contsubnum=\count109
\m@mscap@capbox=\box27
\m@mscap@fbox=\box28
\sidecapsep=\dimen129
\sidecapwidth=\dimen130
\m@m@tempdima=\dimen131
\m@mscapraise=\dimen132
\sidecapraise=\dimen133
\m@mscapmainwidth=\dimen134
\m@mscaplkern=\dimen135
\beforeepigraphskip=\skip124
\afterepigraphskip=\skip125
\epigraphwidth=\skip126
\epigraphrule=\skip127
LaTeX Info: Redefining \em on input line 7551.
LaTeX Info: Redefining \emph on input line 7559.
\tocentryskip=\skip128
\tocbaseline=\skip129
\cftparskip=\skip130
\cftbeforebookskip=\skip131
\cftbookindent=\dimen136
\cftbooknumwidth=\dimen137
\cftbeforepartskip=\skip132
\cftpartindent=\skip133
\cftpartnumwidth=\skip134
\cftbeforechapterskip=\skip135
\cftchapterindent=\skip136
\cftchapternumwidth=\skip137
\cftbeforesectionskip=\skip138
\cftsectionindent=\skip139
\cftsectionnumwidth=\skip140
\cftbeforesubsectionskip=\skip141
\cftsubsectionindent=\skip142
\cftsubsectionnumwidth=\skip143
\cftbeforesubsubsectionskip=\skip144
\cftsubsubsectionindent=\skip145
\cftsubsubsectionnumwidth=\skip146
\cftbeforeparagraphskip=\skip147
\cftparagraphindent=\skip148
\cftparagraphnumwidth=\skip149
\cftbeforesubparagraphskip=\skip150
\cftsubparagraphindent=\skip151
\cftsubparagraphnumwidth=\skip152
\prechapterprecisshift=\dimen138
\c@maxsecnumdepth=\count110
\bibindent=\dimen139
\bibitemsep=\skip153
\indexcolsep=\skip154
\indexrule=\skip155
\indexmarkstyle=\toks18
\@indexbox=\insert199
\glossarycolsep=\dimen140
\glossaryrule=\dimen141
\sideparvshift=\skip156
\sideins=\insert198
\sidebartopsep=\skip157
\sidebarhsep=\skip158
\sidebarvsep=\skip159
\sidebarwidth=\skip160
\footmarkwidth=\skip161
\footmarksep=\skip162
\footparindent=\skip163
\footinsdim=\skip164
\footinsv@r=\insert197
\@mpfootinsv@r=\insert196
\m@m@k=\count111
\m@m@h=\dimen142
\m@mipn@skip=\skip165
\sidefootins=\insert195
\sidefootadjust=\skip166
\sidefootheight=\skip167
\sidefoothsep=\skip168
\sidefootvsep=\skip169
\sidefootwidth=\skip170
\m@mdownsf=\skip171
\c@sidefootnote=\count112
\sidefootmarkwidth=\skip172
\sidefootmarksep=\skip173
\sidefootparindent=\skip174
\c@pagenote=\count113
\c@pagenoteshadow=\count114
\mem@pn@lastkern=\skip175
\every@verbatim=\toks19
\afterevery@verbatim=\toks20
\verbatim@line=\toks21
\tab@position=\count115
\verbatim@in@stream=\read1
\verbatimindent=\skip176
\verbatim@out=\write3
\bvboxsep=\skip177
\c@memfbvline=\count116
\c@bvlinectr=\count117
\bvnumlength=\skip178
\fb@frw=\dimen143
\fb@frh=\dimen144
\FrameRule=\dimen145
\FrameSep=\dimen146
\c@cp@cntr=\count118
LaTeX Info: Redefining \: on input line 12068.
LaTeX Info: Redefining \! on input line 12070.
\c@ism@mctr=\count119
\c@xsm@mctr=\count120
\c@csm@mctr=\count121
\c@ksm@mctr=\count122
\c@xksm@mctr=\count123
\c@cksm@mctr=\count124
\c@msm@mctr=\count125
\c@xmsm@mctr=\count126
\c@cmsm@mctr=\count127
\c@bsm@mctr=\count128
\c@workm@mctr=\count129
\c@sheetsequence=\count130
\c@lastsheet=\count131
\c@lastpage=\count132
\c@figure=\count133
\c@lofdepth=\count134
\cftbeforefigureskip=\skip179
\cftfigureindent=\skip180
\cftfigurenumwidth=\skip181
\c@table=\count135
\c@lotdepth=\count136
\cftbeforetableskip=\skip182
\cfttableindent=\skip183
\cfttablenumwidth=\skip184
Package abstract [2008/07/23] emulated by memoir.
Package appendix [2008/07/23] emulated by memoir.
Package array [2008/09/09] emulated by memoir.
Package booktabs [2016/05/16] emulated by memoir.
Package ccaption [2008/07/23] emulated by memoir.
Package changepage [2008/07/23] emulated by memoir.
Package chngcntr [2008/07/23] emulated by memoir.
Package chngpage [2008/07/23] emulated by memoir.
Package crop emulated by memoir.
Package dcolumn [2008/07/23] emulated by memoir.
Package delarray [2008/07/23] emulated by memoir.
Package enumerate [2008/07/23] emulated by memoir.
Package epigraph [2008/07/23] emulated by memoir.
Package ifmtarg [2008/07/23] emulated by memoir.
Package index [2008/07/23] emulated by memoir.
Package makeidx [2008/07/23] emulated by memoir.
Package moreverb [2008/07/23] emulated by memoir.
Package mparhack [2008/07/23] emulated by memoir.
Package needspace [2008/07/23] emulated by memoir.
Package newfile [2008/07/23] emulated by memoir.
Package nextpage [2008/07/23] emulated by memoir.
Package pagenote [2008/07/23] emulated by memoir.
Package parskip [2008/07/23] emulated by memoir.
Package patchcmd [2008/07/23] emulated by memoir.
Package setspace [2008/07/23] emulated by memoir.
Package shortvrb [2008/07/23] emulated by memoir.
Package showidx [2008/07/23] emulated by memoir.
Package tabularx [2008/07/23] emulated by memoir.
Package titleref [2008/07/23] emulated by memoir.
Package titling [2008/07/23] emulated by memoir.
Package tocbibind [2008/07/23] emulated by memoir.
Package tocloft [2008/07/23] emulated by memoir.
Package tocvsec2 [2008/07/23] emulated by memoir.
Package verbatim [2008/07/23] emulated by memoir.
Package verse [2008/07/23] emulated by memoir.

(/usr/share/texmf-dist/tex/latex/memoir/mempatch.sty
Package: mempatch 2009/07/24 v6.0f Patches for memoir class v1.6180339
))
(/usr/share/texmf-dist/tex/latex/graphics/graphicx.sty
Package: graphicx 2017/06/01 v1.1a Enhanced LaTeX Graphics (DPC,SPQR)

(/usr/share/texmf-dist/tex/latex/graphics/keyval.sty
Package: keyval 2014/10/28 v1.15 key=value parser (DPC)
\KV@toks@=\toks22
)
(/usr/share/texmf-dist/tex/latex/graphics/graphics.sty
Package: graphics 2017/06/25 v1.2c Standard LaTeX Graphics (DPC,SPQR)

(/usr/share/texmf-dist/tex/latex/graphics/trig.sty
Package: trig 2016/01/03 v1.10 sin cos tan (DPC)
)
(/usr/share/texmf-dist/tex/latex/graphics-cfg/graphics.cfg
File: graphics.cfg 2016/06/04 v1.11 sample graphics configuration
)
Package graphics Info: Driver file: xetex.def on input line 99.

(/usr/share/texmf-dist/tex/latex/graphics-def/xetex.def
File: xetex.def 2017/06/24 v5.0h Graphics/color driver for xetex
))
\Gin@req@height=\dimen147
\Gin@req@width=\dimen148
)
(/usr/share/texmf-dist/tex/latex/pgf/utilities/pgfkeys.sty
(/usr/share/texmf-dist/tex/generic/pgf/utilities/pgfkeys.code.tex
\pgfkeys@pathtoks=\toks23
\pgfkeys@temptoks=\toks24

(/usr/share/texmf-dist/tex/generic/pgf/utilities/pgfkeysfiltered.code.tex
\pgfkeys@tmptoks=\toks25
)))
(/usr/share/texmf-dist/tex/latex/etoolbox/etoolbox.sty
Package: etoolbox 2017/01/02 v2.4 e-TeX tools for LaTeX (JAW)
\etb@tempcnta=\count137
)
(/usr/share/texmf-dist/tex/latex/pdfpages/pdfpages.sty
Package: pdfpages 2017/10/31 v0.5l Insert pages of external PDF documents (AM)

(/usr/share/texmf-dist/tex/latex/base/ifthen.sty
Package: ifthen 2014/09/29 v1.1c Standard LaTeX ifthen package (DPC)
)
(/usr/share/texmf-dist/tex/latex/tools/calc.sty
Package: calc 2014/10/28 v4.3 Infix arithmetic (KKT,FJ)
\calc@Acount=\count138
\calc@Bcount=\count139
\calc@Adimen=\dimen149
\calc@Bdimen=\dimen150
\calc@Askip=\skip185
\calc@Bskip=\skip186
LaTeX Info: Redefining \setlength on input line 80.
LaTeX Info: Redefining \addtolength on input line 81.
\calc@Ccount=\count140
\calc@Cskip=\skip187
)
(/usr/share/texmf-dist/tex/latex/eso-pic/eso-pic.sty
Package: eso-pic 2015/07/21 v2.0g eso-pic (RN)

(/usr/share/texmf-dist/tex/generic/oberdiek/atbegshi.sty
Package: atbegshi 2016/06/09 v1.18 At begin shipout hook (HO)

(/usr/share/texmf-dist/tex/generic/oberdiek/infwarerr.sty
Package: infwarerr 2016/05/16 v1.4 Providing info/warning/error messages (HO)
)
(/usr/share/texmf-dist/tex/generic/oberdiek/ltxcmds.sty
Package: ltxcmds 2016/05/16 v1.23 LaTeX kernel commands for general use (HO)
))
(/usr/share/texmf-dist/tex/latex/xcolor/xcolor.sty
Package: xcolor 2016/05/11 v2.12 LaTeX color extensions (UK)

(/usr/share/texmf-dist/tex/latex/graphics-cfg/color.cfg
File: color.cfg 2016/01/02 v1.6 sample color configuration
)
Package xcolor Info: Driver file: xetex.def on input line 225.
Package xcolor Info: Model `cmy' substituted by `cmy0' on input line 1348.
Package xcolor Info: Model `RGB' extended on input line 1364.
Package xcolor Info: Model `HTML' substituted by `rgb' on input line 1366.
Package xcolor Info: Model `Hsb' substituted by `hsb' on input line 1367.
Package xcolor Info: Model `tHsb' substituted by `hsb' on input line 1368.
Package xcolor Info: Model `HSB' substituted by `hsb' on input line 1369.
Package xcolor Info: Model `Gray' substituted by `gray' on input line 1370.
Package xcolor Info: Model `wave' substituted by `hsb' on input line 1371.
))
\AM@pagewidth=\dimen151
\AM@pageheight=\dimen152

(/usr/share/texmf-dist/tex/latex/pdfpages/ppxetex.def
File: ppxetex.def 2017/10/31 v0.5l Pdfpages driver for XeTeX (AM)
)
\AM@pagebox=\box29
\AM@global@opts=\toks26
\AM@toc@title=\toks27
\c@AM@survey=\count141
\AM@templatesizebox=\box30
)
(/usr/share/texmf-dist/tex/latex/oberdiek/refcount.sty
Package: refcount 2016/05/16 v3.5 Data extraction from label references (HO)
)
(/usr/share/texmf-dist/tex/xelatex/xunicode/xunicode.sty
File: xunicode.sty 2011/09/09 v0.981 provides access to latin accents and many 
other characters in Unicode lower plane

(/usr/share/texmf-dist/tex/latex/tipa/t3enc.def
File: t3enc.def 2001/12/31 T3 encoding
)
\tipaTiiicode=\count142
\tipasavetokens=\toks28
\tipachecktokens=\toks29
)
(/usr/share/texmf-dist/tex/latex/titlesec/titletoc.sty
Package: titletoc 2011/12/15 v1.6 TOC entries
\ttl@leftsep=\dimen153
)
(/usr/share/texmf-dist/tex/latex/amsfonts/amssymb.sty
Package: amssymb 2013/01/14 v3.01 AMS font symbols

(/usr/share/texmf-dist/tex/latex/amsfonts/amsfonts.sty
Package: amsfonts 2013/01/14 v3.01 Basic AMSFonts support
\@emptytoks=\toks30
\symAMSa=\mathgroup4
\symAMSb=\mathgroup5
LaTeX Font Info:    Overwriting math alphabet `\mathfrak' in version `bold'
(Font)                  U/euf/m/n --> U/euf/b/n on input line 106.
))
(/usr/share/texmf-dist/tex/latex/amsmath/amsmath.sty
Package: amsmath 2017/09/02 v2.17a AMS math features
\@mathmargin=\skip188

For additional information on amsmath, use the `?' option.
(/usr/share/texmf-dist/tex/latex/amsmath/amstext.sty
Package: amstext 2000/06/29 v2.01 AMS text

(/usr/share/texmf-dist/tex/latex/amsmath/amsgen.sty
File: amsgen.sty 1999/11/30 v2.0 generic functions
\@emptytoks=\toks31
\ex@=\dimen154
))
(/usr/share/texmf-dist/tex/latex/amsmath/amsbsy.sty
Package: amsbsy 1999/11/29 v1.2d Bold Symbols
\pmbraise@=\dimen155
)
(/usr/share/texmf-dist/tex/latex/amsmath/amsopn.sty
Package: amsopn 2016/03/08 v2.02 operator names
)
\inf@bad=\count143
LaTeX Info: Redefining \frac on input line 213.
\uproot@=\count144
\leftroot@=\count145
LaTeX Info: Redefining \overline on input line 375.
\classnum@=\count146
\DOTSCASE@=\count147
LaTeX Info: Redefining \ldots on input line 472.
LaTeX Info: Redefining \dots on input line 475.
LaTeX Info: Redefining \cdots on input line 596.
\Mathstrutbox@=\box31
\strutbox@=\box32
\big@size=\dimen156
LaTeX Font Info:    Redeclaring font encoding OML on input line 712.
LaTeX Font Info:    Redeclaring font encoding OMS on input line 713.
\macc@depth=\count148
\c@MaxMatrixCols=\count149
\dotsspace@=\muskip10
\c@parentequation=\count150
\dspbrk@lvl=\count151
\tag@help=\toks32
\row@=\count152
\column@=\count153
\maxfields@=\count154
\andhelp@=\toks33
\eqnshift@=\dimen157
\alignsep@=\dimen158
\tagshift@=\dimen159
\tagwidth@=\dimen160
\totwidth@=\dimen161
\lineht@=\dimen162
\@envbody=\toks34
\multlinegap=\skip189
\multlinetaggap=\skip190
\mathdisplay@stack=\toks35
LaTeX Info: Redefining \[ on input line 2817.
LaTeX Info: Redefining \] on input line 2818.
)
(/usr/share/texmf-dist/tex/latex/tools/xspace.sty
Package: xspace 2014/10/28 v1.13 Space after command names (DPC,MH)
)
(/usr/share/texmf-dist/tex/latex/fontspec/fontspec.sty
(/usr/share/texmf-dist/tex/latex/l3packages/xparse/xparse.sty
(/usr/share/texmf-dist/tex/latex/l3kernel/expl3.sty
Package: expl3 2017/11/14 L3 programming layer (loader) 

(/usr/share/texmf-dist/tex/latex/l3kernel/expl3-code.tex
Package: expl3 2017/11/14 L3 programming layer (code)
\c_max_int=\count155
\l_tmpa_int=\count156
\l_tmpb_int=\count157
\g_tmpa_int=\count158
\g_tmpb_int=\count159
\g__intarray_font_int=\count160
\g__prg_map_int=\count161
\c_log_iow=\count162
\l_iow_line_count_int=\count163
\l__iow_line_target_int=\count164
\l__iow_one_indent_int=\count165
\l__iow_indent_int=\count166
\c_zero_dim=\dimen163
\c_max_dim=\dimen164
\l_tmpa_dim=\dimen165
\l_tmpb_dim=\dimen166
\g_tmpa_dim=\dimen167
\g_tmpb_dim=\dimen168
\c_zero_skip=\skip191
\c_max_skip=\skip192
\l_tmpa_skip=\skip193
\l_tmpb_skip=\skip194
\g_tmpa_skip=\skip256
\g_tmpb_skip=\skip257
\c_zero_muskip=\muskip11
\c_max_muskip=\muskip12
\l_tmpa_muskip=\muskip13
\l_tmpb_muskip=\muskip14
\g_tmpa_muskip=\muskip15
\g_tmpb_muskip=\muskip16
\l_keys_choice_int=\count167
\c__fp_leading_shift_int=\count168
\c__fp_middle_shift_int=\count169
\c__fp_trailing_shift_int=\count170
\c__fp_big_leading_shift_int=\count171
\c__fp_big_middle_shift_int=\count172
\c__fp_big_trailing_shift_int=\count173
\c__fp_Bigg_leading_shift_int=\count174
\c__fp_Bigg_middle_shift_int=\count175
\c__fp_Bigg_trailing_shift_int=\count176
\l__sort_length_int=\count177
\l__sort_min_int=\count178
\l__sort_top_int=\count179
\l__sort_max_int=\count180
\l__sort_true_max_int=\count181
\l__sort_block_int=\count182
\l__sort_begin_int=\count183
\l__sort_end_int=\count184
\l__sort_A_int=\count185
\l__sort_B_int=\count186
\l__sort_C_int=\count187
\l__tl_build_start_index_int=\count188
\l__tl_build_index_int=\count189
\l__tl_analysis_normal_int=\count190
\l__tl_analysis_index_int=\count191
\l__tl_analysis_nesting_int=\count192
\l__tl_analysis_type_int=\count193
\l__regex_internal_a_int=\count194
\l__regex_internal_b_int=\count266
\l__regex_internal_c_int=\count267
\l__regex_balance_int=\count268
\l__regex_group_level_int=\count269
\l__regex_mode_int=\count270
\c__regex_cs_in_class_mode_int=\count271
\c__regex_cs_mode_int=\count272
\l__regex_catcodes_int=\count273
\l__regex_default_catcodes_int=\count274
\c__regex_catcode_L_int=\count275
\c__regex_catcode_O_int=\count276
\c__regex_catcode_A_int=\count277
\c__regex_all_catcodes_int=\count278
\l__regex_show_lines_int=\count279
\l__regex_min_state_int=\count280
\l__regex_max_state_int=\count281
\l__regex_left_state_int=\count282
\l__regex_right_state_int=\count283
\l__regex_capturing_group_int=\count284
\l__regex_min_pos_int=\count285
\l__regex_max_pos_int=\count286
\l__regex_curr_pos_int=\count287
\l__regex_start_pos_int=\count288
\l__regex_success_pos_int=\count289
\l__regex_curr_char_int=\count290
\l__regex_curr_catcode_int=\count291
\l__regex_last_char_int=\count292
\l__regex_case_changed_char_int=\count293
\l__regex_curr_state_int=\count294
\l__regex_step_int=\count295
\l__regex_min_active_int=\count296
\l__regex_max_active_int=\count297
\l__regex_replacement_csnames_int=\count298
\l__regex_match_count_int=\count299
\l__regex_min_submatch_int=\count300
\l__regex_submatch_int=\count301
\l__regex_zeroth_submatch_int=\count302
\g__debug_trace_regex_int=\count303
\c_empty_box=\box33
\l_tmpa_box=\box34
\l_tmpb_box=\box35
\g_tmpa_box=\box36
\g_tmpb_box=\box37
\l__box_top_dim=\dimen169
\l__box_bottom_dim=\dimen170
\l__box_left_dim=\dimen171
\l__box_right_dim=\dimen172
\l__box_top_new_dim=\dimen173
\l__box_bottom_new_dim=\dimen174
\l__box_left_new_dim=\dimen175
\l__box_right_new_dim=\dimen176
\l__box_internal_box=\box38
\l__coffin_internal_box=\box39
\l__coffin_internal_dim=\dimen177
\l__coffin_offset_x_dim=\dimen178
\l__coffin_offset_y_dim=\dimen179
\l__coffin_x_dim=\dimen180
\l__coffin_y_dim=\dimen181
\l__coffin_x_prime_dim=\dimen182
\l__coffin_y_prime_dim=\dimen183
\c_empty_coffin=\box40
\l__coffin_aligned_coffin=\box41
\l__coffin_aligned_internal_coffin=\box42
\l_tmpa_coffin=\box43
\l_tmpb_coffin=\box44
\l__coffin_display_coffin=\box45
\l__coffin_display_coord_coffin=\box46
\l__coffin_display_pole_coffin=\box47
\l__coffin_display_offset_dim=\dimen184
\l__coffin_display_x_dim=\dimen185
\l__coffin_display_y_dim=\dimen186
\l__coffin_bounding_shift_dim=\dimen187
\l__coffin_left_corner_dim=\dimen188
\l__coffin_right_corner_dim=\dimen189
\l__coffin_bottom_corner_dim=\dimen190
\l__coffin_top_corner_dim=\dimen191
\l__coffin_scaled_total_height_dim=\dimen192
\l__coffin_scaled_width_dim=\dimen193
)
(/usr/share/texmf-dist/tex/latex/l3kernel/l3xdvipdfmx.def
File: l3xdvidpfmx.def 2017/03/18 v L3 Experimental driver: xdvipdfmx
\g__driver_image_int=\count304
\l__driver_tmp_box=\box48
))
Package: xparse 2017/11/14 L3 Experimental document command parser
\l__xparse_current_arg_int=\count305
\g__xparse_grabber_int=\count306
\l__xparse_m_args_int=\count307
\l__xparse_mandatory_args_int=\count308
\l__xparse_v_nesting_int=\count309
)
Package: fontspec 2017/11/09 v2.6g Font selection for XeLaTeX and LuaLaTeX

(/usr/share/texmf-dist/tex/latex/fontspec/fontspec-xetex.sty
Package: fontspec-xetex 2017/11/09 v2.6g Font selection for XeLaTeX and LuaLaTe
X
\l__fontspec_script_int=\count310
\l__fontspec_language_int=\count311
\l__fontspec_strnum_int=\count312
\l__fontspec_tmp_int=\count313
\l__fontspec_em_int=\count314
\l__fontspec_emdef_int=\count315
\l__fontspec_strong_int=\count316
\l__fontspec_strongdef_int=\count317
\l__fontspec_tmpa_dim=\dimen194
\l__fontspec_tmpb_dim=\dimen256
\l__fontspec_tmpc_dim=\dimen257
\g__file_internal_ior=\read2

(/usr/share/texmf-dist/tex/latex/base/fontenc.sty
Package: fontenc 2017/04/05 v2.0i Standard LaTeX package

(/usr/share/texmf-dist/tex/latex/base/tuenc.def
File: tuenc.def 2017/04/05 v2.0i Standard LaTeX file
LaTeX Font Info:    Redeclaring font encoding TU on input line 82.
))
.................................................
. LaTeX info: "xparse/define-command"
. 
. Defining command \fontspec with sig. 'O{}mO{}' on line 542.
.................................................
.................................................
. LaTeX info: "xparse/define-command"
. 
. Defining command \setmainfont with sig. 'O{}mO{}' on line 546.
.................................................
.................................................
. LaTeX info: "xparse/define-command"
. 
. Defining command \setsansfont with sig. 'O{}mO{}' on line 550.
.................................................
.................................................
. LaTeX info: "xparse/define-command"
. 
. Defining command \setmonofont with sig. 'O{}mO{}' on line 554.
.................................................
.................................................
. LaTeX info: "xparse/define-command"
. 
. Defining command \setmathrm with sig. 'O{}mO{}' on line 558.
.................................................
.................................................
. LaTeX info: "xparse/define-command"
. 
. Defining command \setboldmathrm with sig. 'O{}mO{}' on line 562.
.................................................
.................................................
. LaTeX info: "xparse/define-command"
. 
. Defining command \setmathsf with sig. 'O{}mO{}' on line 566.
.................................................
.................................................
. LaTeX info: "xparse/define-command"
. 
. Defining command \setmathtt with sig. 'O{}mO{}' on line 570.
.................................................
.................................................
. LaTeX info: "xparse/define-command"
. 
. Defining command \setromanfont with sig. 'O{}mO{}' on line 574.
.................................................
.................................................
. LaTeX info: "xparse/define-command"
. 
. Defining command \newfontfamily with sig. 'mO{}mO{}' on line 578.
.................................................
.................................................
. LaTeX info: "xparse/define-command"
. 
. Defining command \newfontface with sig. 'mO{}mO{}' on line 582.
.................................................
.................................................
. LaTeX info: "xparse/define-command"
. 
. Defining command \defaultfontfeatures with sig. 't+om' on line 586.
.................................................
.................................................
. LaTeX info: "xparse/define-command"
. 
. Defining command \addfontfeatures with sig. 'm' on line 590.
.................................................
.................................................
. LaTeX info: "xparse/define-command"
. 
. Defining command \addfontfeature with sig. 'm' on line 594.
.................................................
.................................................
. LaTeX info: "xparse/define-command"
. 
. Defining command \newfontfeature with sig. 'mm' on line 598.
.................................................
.................................................
. LaTeX info: "xparse/define-command"
. 
. Defining command \newAATfeature with sig. 'mmmm' on line 602.
.................................................
.................................................
. LaTeX info: "xparse/define-command"
. 
. Defining command \newopentypefeature with sig. 'mmm' on line 606.
.................................................
.................................................
. LaTeX info: "xparse/define-command"
. 
. Defining command \newICUfeature with sig. 'mmm' on line 610.
.................................................
.................................................
. LaTeX info: "xparse/define-command"
. 
. Defining command \aliasfontfeature with sig. 'mm' on line 614.
.................................................
.................................................
. LaTeX info: "xparse/define-command"
. 
. Defining command \aliasfontfeatureoption with sig. 'mmm' on line 618.
.................................................
.................................................
. LaTeX info: "xparse/define-command"
. 
. Defining command \newfontscript with sig. 'mm' on line 622.
.................................................
.................................................
. LaTeX info: "xparse/define-command"
. 
. Defining command \newfontlanguage with sig. 'mm' on line 626.
.................................................
.................................................
. LaTeX info: "xparse/define-command"
. 
. Defining command \DeclareFontsExtensions with sig. 'm' on line 630.
.................................................
.................................................
. LaTeX info: "xparse/define-command"
. 
. Defining command \IfFontFeatureActiveTF with sig. 'mmm' on line 634.
.................................................
.................................................
. LaTeX info: "xparse/define-command"
. 
. Defining command \EncodingCommand with sig. 'mO{}m' on line 3632.
.................................................
.................................................
. LaTeX info: "xparse/define-command"
. 
. Defining command \EncodingAccent with sig. 'mm' on line 3638.
.................................................
.................................................
. LaTeX info: "xparse/define-command"
. 
. Defining command \EncodingSymbol with sig. 'mm' on line 3644.
.................................................
.................................................
. LaTeX info: "xparse/define-command"
. 
. Defining command \EncodingComposite with sig. 'mmm' on line 3650.
.................................................
.................................................
. LaTeX info: "xparse/define-command"
. 
. Defining command \EncodingCompositeCommand with sig. 'mmm' on line 3656.
.................................................
.................................................
. LaTeX info: "xparse/define-command"
. 
. Defining command \DeclareUnicodeEncoding with sig. 'mm' on line 3681.
.................................................
.................................................
. LaTeX info: "xparse/define-command"
. 
. Defining command \UndeclareSymbol with sig. 'm' on line 3687.
.................................................
.................................................
. LaTeX info: "xparse/define-command"
. 
. Defining command \UndeclareAccent with sig. 'm' on line 3693.
.................................................
.................................................
. LaTeX info: "xparse/define-command"
. 
. Defining command \UndeclareCommand with sig. 'm' on line 3699.
.................................................
.................................................
. LaTeX info: "xparse/define-command"
. 
. Defining command \UndeclareComposite with sig. 'mm' on line 3706.
.................................................

(/usr/share/texmf-dist/tex/latex/fontspec/fontspec.cfg)
LaTeX Info: Redefining \itshape on input line 3891.
LaTeX Info: Redefining \slshape on input line 3896.
LaTeX Info: Redefining \scshape on input line 3901.
LaTeX Info: Redefining \upshape on input line 3906.
LaTeX Info: Redefining \em on input line 3936.
LaTeX Info: Redefining \emph on input line 3961.
LaTeX Info: Redefining \- on input line 4015.
.................................................
. LaTeX info: "xparse/redefine-command"
. 
. Redefining command \oldstylenums with sig. 'm' on line 4110.
.................................................
.................................................
. LaTeX info: "xparse/define-command"
. 
. Defining command \liningnums with sig. 'm' on line 4114.
.................................................
))
(/usr/share/texmf-dist/tex/latex/tools/longtable.sty
Package: longtable 2014/10/28 v4.11 Multi-page Table package (DPC)
\LTleft=\skip258
\LTright=\skip259
\LTpre=\skip260
\LTpost=\skip261
\LTchunksize=\count318
\LTcapwidth=\dimen258
\LT@head=\box49
\LT@firsthead=\box50
\LT@foot=\box51
\LT@lastfoot=\box52
\LT@cols=\count319
\LT@rows=\count320
\c@LT@tables=\count321
\c@LT@chunks=\count322
\LT@p@ftn=\toks36
)
(/usr/share/texmf-dist/tex/latex/tabu/tabu.sty
Package: tabu 2011/02/26 v2.8 - flexible LaTeX tabulars (FC)

(/usr/share/texmf-dist/tex/latex/varwidth/varwidth.sty
Package: varwidth 2009/03/30 ver 0.92;  Variable-width minipages
\@vwid@box=\box53
\sift@deathcycles=\count323
\@vwid@loff=\dimen259
\@vwid@roff=\dimen260
)
\c@taburow=\count324
\tabu@nbcols=\count325
\tabu@cnt=\count326
\tabu@Xcol=\count327
\tabu@alloc=\count328
\tabu@nested=\count329
\tabu@target=\dimen261
\tabu@spreadtarget=\dimen262
\tabu@naturalX=\dimen263
\tabucolX=\dimen264
\tabu@Xsum=\dimen265
\extrarowdepth=\dimen266
\abovetabulinesep=\dimen267
\belowtabulinesep=\dimen268
\tabustrutrule=\dimen269
\tabu@thebody=\toks37
\tabu@footnotes=\toks38
\tabu@box=\box54
\tabu@arstrutbox=\box55
\tabu@hleads=\box56
\tabu@vleads=\box57
\tabu@cellskip=\skip262
)
(/usr/share/texmf-dist/tex/latex/pgf/frontendlayer/tikz.sty
(/usr/share/texmf-dist/tex/latex/pgf/basiclayer/pgf.sty
(/usr/share/texmf-dist/tex/latex/pgf/utilities/pgfrcs.sty
(/usr/share/texmf-dist/tex/generic/pgf/utilities/pgfutil-common.tex
\pgfutil@everybye=\toks39
\pgfutil@tempdima=\dimen270
\pgfutil@tempdimb=\dimen271

(/usr/share/texmf-dist/tex/generic/pgf/utilities/pgfutil-common-lists.tex))
(/usr/share/texmf-dist/tex/generic/pgf/utilities/pgfutil-latex.def
\pgfutil@abb=\box58

(/usr/share/texmf-dist/tex/latex/ms/everyshi.sty
Package: everyshi 2001/05/15 v3.00 EveryShipout Package (MS)
))
(/usr/share/texmf-dist/tex/generic/pgf/utilities/pgfrcs.code.tex
Package: pgfrcs 2015/08/07 v3.0.1a (rcs-revision 1.31)
))
Package: pgf 2015/08/07 v3.0.1a (rcs-revision 1.15)

(/usr/share/texmf-dist/tex/latex/pgf/basiclayer/pgfcore.sty
(/usr/share/texmf-dist/tex/latex/pgf/systemlayer/pgfsys.sty
(/usr/share/texmf-dist/tex/generic/pgf/systemlayer/pgfsys.code.tex
Package: pgfsys 2014/07/09 v3.0.1a (rcs-revision 1.48)

(/usr/share/texmf-dist/tex/generic/pgf/utilities/pgfkeys.code.tex)
\pgf@x=\dimen272
\pgf@y=\dimen273
\pgf@xa=\dimen274
\pgf@ya=\dimen275
\pgf@xb=\dimen276
\pgf@yb=\dimen277
\pgf@xc=\dimen278
\pgf@yc=\dimen279
\w@pgf@writea=\write4
\r@pgf@reada=\read3
\c@pgf@counta=\count330
\c@pgf@countb=\count331
\c@pgf@countc=\count332
\c@pgf@countd=\count333
\t@pgf@toka=\toks40
\t@pgf@tokb=\toks41
\t@pgf@tokc=\toks42

(/usr/share/texmf-dist/tex/generic/pgf/systemlayer/pgf.cfg
File: pgf.cfg 2008/05/14  (rcs-revision 1.7)
)
Driver file for pgf: pgfsys-xetex.def

(/usr/share/texmf-dist/tex/generic/pgf/systemlayer/pgfsys-xetex.def
File: pgfsys-xetex.def 2014/07/09  (rcs-revision 1.11)

(/usr/share/texmf-dist/tex/generic/pgf/systemlayer/pgfsys-dvipdfmx.def
File: pgfsys-dvipdfmx.def 2014/07/09  (rcs-revision 1.14)

(/usr/share/texmf-dist/tex/generic/pgf/systemlayer/pgfsys-common-pdf.def
File: pgfsys-common-pdf.def 2013/10/10  (rcs-revision 1.13)
)
\pgfsys@objnum=\count334
)))
(/usr/share/texmf-dist/tex/generic/pgf/systemlayer/pgfsyssoftpath.code.tex
File: pgfsyssoftpath.code.tex 2013/09/09  (rcs-revision 1.9)
\pgfsyssoftpath@smallbuffer@items=\count335
\pgfsyssoftpath@bigbuffer@items=\count336
)
(/usr/share/texmf-dist/tex/generic/pgf/systemlayer/pgfsysprotocol.code.tex
File: pgfsysprotocol.code.tex 2006/10/16  (rcs-revision 1.4)
))
(/usr/share/texmf-dist/tex/generic/pgf/basiclayer/pgfcore.code.tex
Package: pgfcore 2010/04/11 v3.0.1a (rcs-revision 1.7)

(/usr/share/texmf-dist/tex/generic/pgf/math/pgfmath.code.tex
(/usr/share/texmf-dist/tex/generic/pgf/math/pgfmathcalc.code.tex
(/usr/share/texmf-dist/tex/generic/pgf/math/pgfmathutil.code.tex)
(/usr/share/texmf-dist/tex/generic/pgf/math/pgfmathparser.code.tex
\pgfmath@dimen=\dimen280
\pgfmath@count=\count337
\pgfmath@box=\box59
\pgfmath@toks=\toks43
\pgfmath@stack@operand=\toks44
\pgfmath@stack@operation=\toks45
)
(/usr/share/texmf-dist/tex/generic/pgf/math/pgfmathfunctions.code.tex
(/usr/share/texmf-dist/tex/generic/pgf/math/pgfmathfunctions.basic.code.tex)
(/usr/share/texmf-dist/tex/generic/pgf/math/pgfmathfunctions.trigonometric.code
.tex)
(/usr/share/texmf-dist/tex/generic/pgf/math/pgfmathfunctions.random.code.tex)
(/usr/share/texmf-dist/tex/generic/pgf/math/pgfmathfunctions.comparison.code.te
x) (/usr/share/texmf-dist/tex/generic/pgf/math/pgfmathfunctions.base.code.tex)
(/usr/share/texmf-dist/tex/generic/pgf/math/pgfmathfunctions.round.code.tex)
(/usr/share/texmf-dist/tex/generic/pgf/math/pgfmathfunctions.misc.code.tex)
(/usr/share/texmf-dist/tex/generic/pgf/math/pgfmathfunctions.integerarithmetics
.code.tex))) (/usr/share/texmf-dist/tex/generic/pgf/math/pgfmathfloat.code.tex
\c@pgfmathroundto@lastzeros=\count338
)) (/usr/share/texmf-dist/tex/generic/pgf/basiclayer/pgfcorepoints.code.tex
File: pgfcorepoints.code.tex 2013/10/07  (rcs-revision 1.27)
\pgf@picminx=\dimen281
\pgf@picmaxx=\dimen282
\pgf@picminy=\dimen283
\pgf@picmaxy=\dimen284
\pgf@pathminx=\dimen285
\pgf@pathmaxx=\dimen286
\pgf@pathminy=\dimen287
\pgf@pathmaxy=\dimen288
\pgf@xx=\dimen289
\pgf@xy=\dimen290
\pgf@yx=\dimen291
\pgf@yy=\dimen292
\pgf@zx=\dimen293
\pgf@zy=\dimen294
)
(/usr/share/texmf-dist/tex/generic/pgf/basiclayer/pgfcorepathconstruct.code.tex
File: pgfcorepathconstruct.code.tex 2013/10/07  (rcs-revision 1.29)
\pgf@path@lastx=\dimen295
\pgf@path@lasty=\dimen296
) (/usr/share/texmf-dist/tex/generic/pgf/basiclayer/pgfcorepathusage.code.tex
File: pgfcorepathusage.code.tex 2014/11/02  (rcs-revision 1.24)
\pgf@shorten@end@additional=\dimen297
\pgf@shorten@start@additional=\dimen298
)
(/usr/share/texmf-dist/tex/generic/pgf/basiclayer/pgfcorescopes.code.tex
File: pgfcorescopes.code.tex 2015/05/08  (rcs-revision 1.46)
\pgfpic=\box60
\pgf@hbox=\box61
\pgf@layerbox@main=\box62
\pgf@picture@serial@count=\count339
)
(/usr/share/texmf-dist/tex/generic/pgf/basiclayer/pgfcoregraphicstate.code.tex
File: pgfcoregraphicstate.code.tex 2014/11/02  (rcs-revision 1.12)
\pgflinewidth=\dimen299
)
(/usr/share/texmf-dist/tex/generic/pgf/basiclayer/pgfcoretransformations.code.t
ex
File: pgfcoretransformations.code.tex 2015/08/07  (rcs-revision 1.20)
\pgf@pt@x=\dimen300
\pgf@pt@y=\dimen301
\pgf@pt@temp=\dimen302
) (/usr/share/texmf-dist/tex/generic/pgf/basiclayer/pgfcorequick.code.tex
File: pgfcorequick.code.tex 2008/10/09  (rcs-revision 1.3)
)
(/usr/share/texmf-dist/tex/generic/pgf/basiclayer/pgfcoreobjects.code.tex
File: pgfcoreobjects.code.tex 2006/10/11  (rcs-revision 1.2)
)
(/usr/share/texmf-dist/tex/generic/pgf/basiclayer/pgfcorepathprocessing.code.te
x
File: pgfcorepathprocessing.code.tex 2013/09/09  (rcs-revision 1.9)
) (/usr/share/texmf-dist/tex/generic/pgf/basiclayer/pgfcorearrows.code.tex
File: pgfcorearrows.code.tex 2015/05/14  (rcs-revision 1.43)
\pgfarrowsep=\dimen303
)
(/usr/share/texmf-dist/tex/generic/pgf/basiclayer/pgfcoreshade.code.tex
File: pgfcoreshade.code.tex 2013/07/15  (rcs-revision 1.15)
\pgf@max=\dimen304
\pgf@sys@shading@range@num=\count340
)
(/usr/share/texmf-dist/tex/generic/pgf/basiclayer/pgfcoreimage.code.tex
File: pgfcoreimage.code.tex 2013/07/15  (rcs-revision 1.18)

(/usr/share/texmf-dist/tex/generic/pgf/basiclayer/pgfcoreexternal.code.tex
File: pgfcoreexternal.code.tex 2014/07/09  (rcs-revision 1.21)
\pgfexternal@startupbox=\box63
))
(/usr/share/texmf-dist/tex/generic/pgf/basiclayer/pgfcorelayers.code.tex
File: pgfcorelayers.code.tex 2013/07/18  (rcs-revision 1.7)
)
(/usr/share/texmf-dist/tex/generic/pgf/basiclayer/pgfcoretransparency.code.tex
File: pgfcoretransparency.code.tex 2013/09/30  (rcs-revision 1.5)
) (/usr/share/texmf-dist/tex/generic/pgf/basiclayer/pgfcorepatterns.code.tex
File: pgfcorepatterns.code.tex 2013/11/07  (rcs-revision 1.5)
)))
(/usr/share/texmf-dist/tex/generic/pgf/modules/pgfmoduleshapes.code.tex
File: pgfmoduleshapes.code.tex 2014/03/21  (rcs-revision 1.35)
\pgfnodeparttextbox=\box64
)
(/usr/share/texmf-dist/tex/generic/pgf/modules/pgfmoduleplot.code.tex
File: pgfmoduleplot.code.tex 2015/08/03  (rcs-revision 1.13)
)
(/usr/share/texmf-dist/tex/latex/pgf/compatibility/pgfcomp-version-0-65.sty
Package: pgfcomp-version-0-65 2007/07/03 v3.0.1a (rcs-revision 1.7)
\pgf@nodesepstart=\dimen305
\pgf@nodesepend=\dimen306
)
(/usr/share/texmf-dist/tex/latex/pgf/compatibility/pgfcomp-version-1-18.sty
Package: pgfcomp-version-1-18 2007/07/23 v3.0.1a (rcs-revision 1.1)
))
(/usr/share/texmf-dist/tex/latex/pgf/utilities/pgffor.sty
(/usr/share/texmf-dist/tex/latex/pgf/math/pgfmath.sty
(/usr/share/texmf-dist/tex/generic/pgf/math/pgfmath.code.tex))
(/usr/share/texmf-dist/tex/generic/pgf/utilities/pgffor.code.tex
Package: pgffor 2013/12/13 v3.0.1a (rcs-revision 1.25)

(/usr/share/texmf-dist/tex/generic/pgf/math/pgfmath.code.tex)
\pgffor@iter=\dimen307
\pgffor@skip=\dimen308
\pgffor@stack=\toks46
\pgffor@toks=\toks47
))
(/usr/share/texmf-dist/tex/generic/pgf/frontendlayer/tikz/tikz.code.tex
Package: tikz 2015/08/07 v3.0.1a (rcs-revision 1.151)

(/usr/share/texmf-dist/tex/generic/pgf/libraries/pgflibraryplothandlers.code.te
x
File: pgflibraryplothandlers.code.tex 2013/08/31 v3.0.1a (rcs-revision 1.20)
\pgf@plot@mark@count=\count341
\pgfplotmarksize=\dimen309
)
\tikz@lastx=\dimen310
\tikz@lasty=\dimen311
\tikz@lastxsaved=\dimen312
\tikz@lastysaved=\dimen313
\tikzleveldistance=\dimen314
\tikzsiblingdistance=\dimen315
\tikz@figbox=\box65
\tikz@figbox@bg=\box66
\tikz@tempbox=\box67
\tikz@tempbox@bg=\box68
\tikztreelevel=\count342
\tikznumberofchildren=\count343
\tikznumberofcurrentchild=\count344
\tikz@fig@count=\count345
 (/usr/share/texmf-dist/tex/generic/pgf/modules/pgfmodulematrix.code.tex
File: pgfmodulematrix.code.tex 2013/09/17  (rcs-revision 1.8)
\pgfmatrixcurrentrow=\count346
\pgfmatrixcurrentcolumn=\count347
\pgf@matrix@numberofcolumns=\count348
)
\tikz@expandcount=\count349

(/usr/share/texmf-dist/tex/generic/pgf/frontendlayer/tikz/libraries/tikzlibrary
topaths.code.tex
File: tikzlibrarytopaths.code.tex 2008/06/17 v3.0.1a (rcs-revision 1.2)
))) (/usr/share/texmf-dist/tex/latex/forest/forest.sty
Package: forest 2017/07/14 v2.1.5 Drawing (linguistic) trees

(/usr/share/texmf-dist/tex/generic/pgf/frontendlayer/tikz/libraries/tikzlibrary
shapes.code.tex
File: tikzlibraryshapes.code.tex 2008/01/09 v3.0.1a (rcs-revision 1.1)

(/usr/share/texmf-dist/tex/generic/pgf/frontendlayer/tikz/libraries/tikzlibrary
shapes.geometric.code.tex
File: tikzlibraryshapes.geometric.code.tex 2008/01/09 v3.0.1a (rcs-revision 1.1
)

(/usr/share/texmf-dist/tex/generic/pgf/libraries/shapes/pgflibraryshapes.geomet
ric.code.tex
File: pgflibraryshapes.geometric.code.tex 2008/06/26 v3.0.1a (rcs-revision 1.1)

))
(/usr/share/texmf-dist/tex/generic/pgf/frontendlayer/tikz/libraries/tikzlibrary
shapes.misc.code.tex
File: tikzlibraryshapes.misc.code.tex 2008/01/09 v3.0.1a (rcs-revision 1.1)

(/usr/share/texmf-dist/tex/generic/pgf/libraries/shapes/pgflibraryshapes.misc.c
ode.tex
File: pgflibraryshapes.misc.code.tex 2013/07/18 v3.0.1a (rcs-revision 1.5)
))
(/usr/share/texmf-dist/tex/generic/pgf/frontendlayer/tikz/libraries/tikzlibrary
shapes.symbols.code.tex
File: tikzlibraryshapes.symbols.code.tex 2008/01/09 v3.0.1a (rcs-revision 1.1)

(/usr/share/texmf-dist/tex/generic/pgf/libraries/shapes/pgflibraryshapes.symbol
s.code.tex
File: pgflibraryshapes.symbols.code.tex 2013/09/11 v3.0.1a (rcs-revision 1.6)
))
(/usr/share/texmf-dist/tex/generic/pgf/frontendlayer/tikz/libraries/tikzlibrary
shapes.arrows.code.tex
File: tikzlibraryshapes.arrows.code.tex 2008/01/09 v3.0.1a (rcs-revision 1.1)

(/usr/share/texmf-dist/tex/generic/pgf/libraries/shapes/pgflibraryshapes.arrows
.code.tex
File: pgflibraryshapes.arrows.code.tex 2008/06/26 v3.0.1a (rcs-revision 1.1)
))
(/usr/share/texmf-dist/tex/generic/pgf/frontendlayer/tikz/libraries/tikzlibrary
shapes.callouts.code.tex
(/usr/share/texmf-dist/tex/generic/pgf/libraries/shapes/pgflibraryshapes.callou
ts.code.tex))
(/usr/share/texmf-dist/tex/generic/pgf/frontendlayer/tikz/libraries/tikzlibrary
shapes.multipart.code.tex
File: tikzlibraryshapes.multipart.code.tex 2008/01/09 v3.0.1a (rcs-revision 1.1
)

(/usr/share/texmf-dist/tex/generic/pgf/libraries/shapes/pgflibraryshapes.multip
art.code.tex
File: pgflibraryshapes.multipart.code.tex 2010/01/07 v3.0.1a (rcs-revision 1.2)

\pgfnodepartlowerbox=\box69
\pgfnodeparttwobox=\box70
\pgfnodepartthreebox=\box71
\pgfnodepartfourbox=\box72
\pgfnodeparttwentybox=\box73
\pgfnodepartnineteenbox=\box74
\pgfnodeparteighteenbox=\box75
\pgfnodepartseventeenbox=\box76
\pgfnodepartsixteenbox=\box77
\pgfnodepartfifteenbox=\box78
\pgfnodepartfourteenbox=\box79
\pgfnodepartthirteenbox=\box80
\pgfnodeparttwelvebox=\box81
\pgfnodepartelevenbox=\box82
\pgfnodeparttenbox=\box83
\pgfnodepartninebox=\box84
\pgfnodeparteightbox=\box85
\pgfnodepartsevenbox=\box86
\pgfnodepartsixbox=\box87
\pgfnodepartfivebox=\box88
)))
(/usr/share/texmf-dist/tex/generic/pgf/frontendlayer/tikz/libraries/tikzlibrary
fit.code.tex
File: tikzlibraryfit.code.tex 2013/07/12 v3.0.1a (rcs-revision 1.5)
)
(/usr/share/texmf-dist/tex/generic/pgf/frontendlayer/tikz/libraries/tikzlibrary
calc.code.tex
File: tikzlibrarycalc.code.tex 2013/07/15 v3.0.1a (rcs-revision 1.9)
)
(/usr/share/texmf-dist/tex/generic/pgf/libraries/pgflibraryintersections.code.t
ex (/usr/share/texmf-dist/tex/generic/pgf/libraries/pgflibraryfpu.code.tex)
\pgf@intersect@solutions=\count350
)
(/usr/share/texmf-dist/tex/latex/pgfopts/pgfopts.sty
Package: pgfopts 2014/07/10 v2.1a LaTeX package options with pgfkeys
\pgfopts@list@add@a@toks=\toks48
\pgfopts@list@add@b@toks=\toks49
)
(/usr/share/texmf-dist/tex/latex/elocalloc/elocalloc.sty
Package: elocalloc 2016/12/15 v0.03 local allocation for LaTeX 2015+ (DPC)
)
(/usr/share/texmf-dist/tex/latex/environ/environ.sty
Package: environ 2014/05/04 v0.3 A new way to define environments

(/usr/share/texmf-dist/tex/latex/trimspaces/trimspaces.sty
Package: trimspaces 2009/09/17 v1.1 Trim spaces around a token list
))
(/usr/share/texmf-dist/tex/latex/inlinedef/inlinedef.sty
Package: inlinedef 2008/07/10 v1.0 Inlined expansions within definitions
\ID@toks=\toks50
\ID@count=\count351
)
\ID@usercommands=\toks51
.................................................
. LaTeX info: "xparse/define-command"
. 
. Defining command \useforestlibrary with sig. 's O{} m' on line 166.
.................................................
.................................................
. LaTeX info: "xparse/define-command"
. 
. Defining command \ProvidesForestLibrary with sig. 'm O{}' on line 176.
.................................................
\safeloop@depth=\count352
\safeRKloop@depth=\count353
\forest@temp@dimen=\dimen316
\forest@temp@count=\count354
\forest@n=\count355
\forest@temp@global@count=\count356
\forest@temp@toks=\toks52
\forest@temparray@M=\count357
\forest@temparray@N=\count358
\forest@global@temparray@M=\count359
\forest@global@temparray@N=\count360
\forest@isnum@count=\count361
\forest@isdim@nonintpart=\count362
\forest@isdim@dimen=\dimen317
\forest@sort@m=\count363
\forest@sort@k=\count364
\forest@sort@p=\count365
\bracket@content=\toks53
\bracket@afterthought=\toks54
\forest@node@maxid=\count366
.................................................
. LaTeX info: "xparse/define-command"
. 
. Defining command \forestdebugtypeouttrees with sig. 'o' on line 2303.
.................................................
.................................................
. LaTeX info: "xparse/define-command"
. 
. Defining command \forestdebugtypeouttree with sig. 'd() O{\forest@cn }' on
. line 2348.
.................................................
\forest@process@left@M=\count367
\forest@process@left@N=\count368
\forest@process@right@M=\count369
\forest@process@right@N=\count370
\forest@process@saved@M=\count371
\forest@process@saved@N=\count372
\forest@process@result@M=\count373
\forest@process@result@N=\count374
\forest@process@n=\count375
\forest@nodewalk@branch@toks=\toks55
\forest@nodewalk@shortsteps@resolution=\toks56
\forest@do@dynamics=\toks57
\forest@box=\box89
\forest@xg=\dimen318
\forest@yg=\dimen319
\forest@xs=\dimen320
\forest@ys=\dimen321
\forest@pi@toks=\toks58
\forest@segment@toks=\toks59
\forest@PIi@toks=\toks60
\forest@PIii@toks=\toks61
\forest@copy@in=\read4
\forest@copy@out=\write5
.................................................
. LaTeX info: "xparse/define-environment"
. 
. Defining environment 'forest' with sig. 'D(){}' on line 8510.
.................................................
.................................................
. LaTeX info: "xparse/define-command"
. 
. Defining command \Forest with sig. 's D(){} m' on line 8515.
.................................................
\forest@externalize@max@outer@n=\count376
\forest@externalize@inner@n=\count377
)
(/usr/share/texmf-dist/tex/latex/psnfss/pifont.sty
Package: pifont 2005/04/12 PSNFSS-v9.2a Pi font support (SPQR) 
LaTeX Font Info:    Try loading font information for U+pzd on input line 63.

(/usr/share/texmf-dist/tex/latex/psnfss/upzd.fd
File: upzd.fd 2001/06/04 font definitions for U/pzd.
)
LaTeX Font Info:    Try loading font information for U+psy on input line 64.

(/usr/share/texmf-dist/tex/latex/psnfss/upsy.fd
File: upsy.fd 2001/06/04 font definitions for U/psy.
))
(/usr/share/texmf-dist/tex/latex/colortbl/colortbl.sty
Package: colortbl 2012/02/13 v1.0a Color table columns (DPC)
\everycr=\toks62
\minrowclearance=\skip263
)
(/usr/share/texmf-dist/tex/latex/soul/soul.sty
Package: soul 2003/11/17 v2.4 letterspacing/underlining (mf)
\SOUL@word=\toks63
\SOUL@lasttoken=\toks64
\SOUL@cmds=\toks65
\SOUL@buffer=\toks66
\SOUL@token=\toks67
\SOUL@spaceskip=\skip264
\SOUL@ttwidth=\dimen322
\SOUL@uldp=\dimen323
\SOUL@ulht=\dimen324
)
(/usr/share/texmf-dist/tex/latex/multirow/multirow.sty
Package: multirow 2016/11/25 v2.2 Span multiple rows of a table
\multirow@colwidth=\skip265
\multirow@cntb=\count378
\multirow@dima=\skip266
\bigstrutjot=\dimen325
)
(/usr/share/texmf-dist/tex/latex/tools/multicol.sty
Package: multicol 2017/04/11 v1.8q multicolumn formatting (FMi)
\c@tracingmulticols=\count379
\mult@box=\box90
\multicol@leftmargin=\dimen326
\c@unbalance=\count380
\c@collectmore=\count381
\doublecol@number=\count382
\multicoltolerance=\count383
\multicolpretolerance=\count384
\full@width=\dimen327
\page@free=\dimen328
\premulticols=\dimen329
\postmulticols=\dimen330
\multicolsep=\skip267
\multicolbaselineskip=\skip268
\partial@page=\box91
\last@line=\box92
\maxbalancingoverflow=\dimen331
\mult@rightbox=\box93
\mult@grightbox=\box94
\mult@gfirstbox=\box95
\mult@firstbox=\box96
\@tempa=\box97
\@tempa=\box98
\@tempa=\box99
\@tempa=\box100
\@tempa=\box101
\@tempa=\box102
\@tempa=\box103
\@tempa=\box104
\@tempa=\box105
\@tempa=\box106
\@tempa=\box107
\@tempa=\box108
\@tempa=\box109
\@tempa=\box110
\@tempa=\box111
\@tempa=\box112
\@tempa=\box113
\c@columnbadness=\count385
\c@finalcolumnbadness=\count386
\last@try=\dimen332
\multicolovershoot=\dimen333
\multicolundershoot=\dimen334
\mult@nat@firstbox=\box114
\colbreak@box=\box115
\mc@col@check@num=\count387
)
(/usr/share/texmf-dist/tex/latex/wrapfig/wrapfig.sty
\wrapoverhang=\dimen335
\WF@size=\dimen336
\c@WF@wrappedlines=\count388
\WF@box=\box116
\WF@everypar=\toks68
Package: wrapfig 2003/01/31  v 3.6
)
(/usr/share/texmf-dist/tex/latex/endnotes/endnotes.sty
\c@endnote=\count389
\endnotesep=\dimen337
\@enotes=\write6
)
(/usr/share/texmf-dist/tex/latex/relsize/relsize.sty
Package: relsize 2013/03/29 ver 4.1
)
(/usr/share/texmf-dist/tex/latex/graphics/rotating.sty
Package: rotating 2016/08/11 v2.16d rotated objects in LaTeX
\c@r@tfl@t=\count390
\rotFPtop=\skip269
\rotFPbot=\skip270
\rot@float@box=\box117
\rot@mess@toks=\toks69
)
(/usr/share/texmf-dist/tex/latex/natbib/natbib.sty
Package: natbib 2010/09/13 8.31b (PWD, AO)
\bibhang=\skip271
\bibsep=\skip272
LaTeX Info: Redefining \cite on input line 694.
\c@NAT@ctr=\count391
)
(/usr/share/texmf-dist/tex/latex/gb4e/gb4e.sty
(/usr/share/texmf-dist/tex/latex/gb4e/cgloss4e.sty
\lineone=\box118
\linetwo=\box119
\linethree=\box120
\wordone=\box121
\wordtwo=\box122
\wordthree=\box123
\gline=\box124
\glossglue=\skip273
)
\c@fnx=\count392
\@xnumdepth=\count393
\c@xnumi=\count394
\c@xnumii=\count395
\c@xnumiii=\count396
\c@xnumiv=\count397
\c@exx=\count398
\c@rxnumi=\count399
\c@rxnumii=\count400
\c@rxnumiii=\count401
\c@rxnumiv=\count402
\lcommentsep=\skip274
)
(/usr/share/texmf-dist/tex/latex/tikzmark/tikzlibrarytikzmark.code.tex)

******************************************************
Stock height and width: 845.04684pt by 597.50787pt
Top and edge trims: 0pt and 0pt
Page height and width: 845.04684pt by 597.50787pt
Text height and width: 609.40027pt by 512pt
Spine and edge margins: 42.67883pt and 42.67944pt
Upper and lower margins: 119.49158pt and 116.155pt
Headheight and headsep: 13.6pt and 19.8738pt
Footskip: 27.46295pt
Columnsep and columnseprule: 10pt and 0pt
Marginparsep and marginparwidth: 7pt and 28.67944pt
Sidecapsep and sidecapwidth: 7pt and 101pt
Sidebarhsep and sidebarwidth: 7pt and 101pt
Sidebarvsep and sidebartopsep: 13.6pt and 0pt
Sidebarheight: 594.32022pt
Sidefoothsep and sidefootwidth: 7pt and 101pt
Sidefootvsep and sidefootheight: 13.6pt and 594.32022pt
******************************************************

\g__fontspec_family_Brill_int=\count403
.................................................
. fontspec info: "defining-font"
. 
. Font family 'Brill(0)' created for font 'Brill' with options
. [Ligatures=TeX,Mapping=tex-text].
.  
.  This font family consists of the following NFSS series/shapes:
.  
. - 'normal' (m/n) with NFSS spec.:
. <->"Brill/OT:script=latn;language=DFLT;mapping=tex-text;"
. - 'small caps'  (m/sc) with NFSS spec.:
. <->"Brill/OT:script=latn;language=DFLT;+smcp;mapping=tex-text;"
. - 'bold' (bx/n) with NFSS spec.:
. <->"Brill/B/OT:script=latn;language=DFLT;mapping=tex-text;"
. - 'bold small caps'  (bx/sc) with NFSS spec.:
. <->"Brill/B/OT:script=latn;language=DFLT;+smcp;mapping=tex-text;"
. - 'italic' (m/it) with NFSS spec.:
. <->"Brill/I/OT:script=latn;language=DFLT;mapping=tex-text;"
. - 'italic small caps'  (m/itsc) with NFSS spec.:
. <->"Brill/I/OT:script=latn;language=DFLT;+smcp;mapping=tex-text;"
. - 'bold italic' (bx/it) with NFSS spec.:
. <->"Brill/BI/OT:script=latn;language=DFLT;mapping=tex-text;"
. - 'bold italic small caps'  (bx/itsc) with NFSS spec.:
. <->"Brill/BI/OT:script=latn;language=DFLT;+smcp;mapping=tex-text;"
.................................................
LaTeX Info: Redefining \rmfamily on input line 43.
\g__fontspec_family_DejaVuSans_int=\count404
.................................................
. fontspec info: "defining-font"
. 
. Font family 'DejaVuSans(0)' created for font 'DejaVu Sans' with options
. [Ligatures=TeX,Mapping=tex-text,Scale=0.87].
.  
.  This font family consists of the following NFSS series/shapes:
.  
. - 'normal' (m/n) with NFSS spec.: <->s*[0.87]"DejaVu
. Sans/OT:script=latn;language=DFLT;mapping=tex-text;"
. - 'small caps'  (m/sc) with NFSS spec.: 
. - 'bold' (bx/n) with NFSS spec.: <->s*[0.87]"DejaVu
. Sans/B/OT:script=latn;language=DFLT;mapping=tex-text;"
. - 'bold small caps'  (bx/sc) with NFSS spec.: 
. - 'italic' (m/it) with NFSS spec.: <->s*[0.87]"DejaVu
. Sans/I/OT:script=latn;language=DFLT;mapping=tex-text;"
. - 'italic small caps'  (m/itsc) with NFSS spec.: 
. - 'bold italic' (bx/it) with NFSS spec.: <->s*[0.87]"DejaVu
. Sans/BI/OT:script=latn;language=DFLT;mapping=tex-text;"
. - 'bold italic small caps'  (bx/itsc) with NFSS spec.: 
.................................................
LaTeX Info: Redefining \sffamily on input line 44.
\g__fontspec_family_DejaVuSansMono_int=\count405
.................................................
. fontspec info: "defining-font"
. 
. Font family 'DejaVuSansMono(0)' created for font 'DejaVu Sans Mono' with
. options
. [WordSpace={1,0,0},HyphenChar=None,PunctuationSpace=WordSpace,Scale=0.773].
.  
.  This font family consists of the following NFSS series/shapes:
.  
. - 'normal' (m/n) with NFSS spec.: <->s*[0.773]"DejaVu Sans
. Mono/OT:script=latn;language=DFLT;"
. - 'small caps'  (m/sc) with NFSS spec.: 
. and font adjustment code:
. \fontdimen 2\font =1\fontdimen 2\font \fontdimen 3\font =0\fontdimen 3\font
. \fontdimen 4\font =0\fontdimen 4\font \fontdimen 7\font =0\fontdimen 2\font
. \tex_hyphenchar:D \font =-1\scan_stop: 
. - 'bold' (bx/n) with NFSS spec.: <->s*[0.773]"DejaVu Sans
. Mono/B/OT:script=latn;language=DFLT;"
. - 'bold small caps'  (bx/sc) with NFSS spec.: 
. and font adjustment code:
. \fontdimen 2\font =1\fontdimen 2\font \fontdimen 3\font =0\fontdimen 3\font
. \fontdimen 4\font =0\fontdimen 4\font \fontdimen 7\font =0\fontdimen 2\font
. \tex_hyphenchar:D \font =-1\scan_stop: 
. - 'italic' (m/it) with NFSS spec.: <->s*[0.773]"DejaVu Sans
. Mono/I/OT:script=latn;language=DFLT;"
. - 'italic small caps'  (m/itsc) with NFSS spec.: 
. and font adjustment code:
. \fontdimen 2\font =1\fontdimen 2\font \fontdimen 3\font =0\fontdimen 3\font
. \fontdimen 4\font =0\fontdimen 4\font \fontdimen 7\font =0\fontdimen 2\font
. \tex_hyphenchar:D \font =-1\scan_stop: 
. - 'bold italic' (bx/it) with NFSS spec.: <->s*[0.773]"DejaVu Sans
. Mono/BI/OT:script=latn;language=DFLT;"
. - 'bold italic small caps'  (bx/itsc) with NFSS spec.: 
. and font adjustment code:
. \fontdimen 2\font =1\fontdimen 2\font \fontdimen 3\font =0\fontdimen 3\font
. \fontdimen 4\font =0\fontdimen 4\font \fontdimen 7\font =0\fontdimen 2\font
. \tex_hyphenchar:D \font =-1\scan_stop: 
.................................................
LaTeX Info: Redefining \ttfamily on input line 45.
(./burmish-patterns.aux)
\openout1 = `burmish-patterns.aux'.

LaTeX Font Info:    Checking defaults for OML/cmm/m/it on input line 95.
LaTeX Font Info:    ... okay on input line 95.
LaTeX Font Info:    Checking defaults for T1/cmr/m/n on input line 95.
LaTeX Font Info:    ... okay on input line 95.
LaTeX Font Info:    Checking defaults for OT1/cmr/m/n on input line 95.
LaTeX Font Info:    ... okay on input line 95.
LaTeX Font Info:    Checking defaults for OMS/cmsy/m/n on input line 95.
LaTeX Font Info:    ... okay on input line 95.
LaTeX Font Info:    Checking defaults for TU/lmr/m/n on input line 95.
LaTeX Font Info:    ... okay on input line 95.
LaTeX Font Info:    Checking defaults for OMX/cmex/m/n on input line 95.
LaTeX Font Info:    ... okay on input line 95.
LaTeX Font Info:    Checking defaults for U/cmr/m/n on input line 95.
LaTeX Font Info:    ... okay on input line 95.
LaTeX Font Info:    Checking defaults for T3/cmr/m/n on input line 95.
LaTeX Font Info:    Try loading font information for T3+cmr on input line 95.
 (/usr/share/texmf-dist/tex/latex/tipa/t3cmr.fd
File: t3cmr.fd 2001/12/31 TIPA font definitions
)
LaTeX Font Info:    ... okay on input line 95.
\AtBeginShipoutBox=\box125

(/usr/share/texmf-dist/tex/latex/oberdiek/pdflscape.sty
Package: pdflscape 2016/05/14 v0.11 Display of landscape pages in PDF (HO)

(/usr/share/texmf-dist/tex/latex/graphics/lscape.sty
Package: lscape 2000/10/22 v3.01 Landscape Pages (DPC)
)
Package pdflscape Info: Auto-detected driver: dvipdfm (xetex) on input line 99.

)
.................................................
. fontspec info: "setup-math"
. 
. Adjusting the maths setup (use [no-math] to avoid this).
.................................................
\symlegacymaths=\mathgroup6
LaTeX Font Info:    Overwriting symbol font `legacymaths' in version `bold'
(Font)                  OT1/cmr/m/n --> OT1/cmr/bx/n on input line 95.
LaTeX Font Info:    Redeclaring math accent \acute on input line 95.
LaTeX Font Info:    Redeclaring math accent \grave on input line 95.
LaTeX Font Info:    Redeclaring math accent \ddot on input line 95.
LaTeX Font Info:    Redeclaring math accent \tilde on input line 95.
LaTeX Font Info:    Redeclaring math accent \bar on input line 95.
LaTeX Font Info:    Redeclaring math accent \breve on input line 95.
LaTeX Font Info:    Redeclaring math accent \check on input line 95.
LaTeX Font Info:    Redeclaring math accent \hat on input line 95.
LaTeX Font Info:    Redeclaring math accent \dot on input line 95.
LaTeX Font Info:    Redeclaring math accent \mathring on input line 95.
LaTeX Font Info:    Redeclaring math symbol \Gamma on input line 95.
LaTeX Font Info:    Redeclaring math symbol \Delta on input line 95.
LaTeX Font Info:    Redeclaring math symbol \Theta on input line 95.
LaTeX Font Info:    Redeclaring math symbol \Lambda on input line 95.
LaTeX Font Info:    Redeclaring math symbol \Xi on input line 95.
LaTeX Font Info:    Redeclaring math symbol \Pi on input line 95.
LaTeX Font Info:    Redeclaring math symbol \Sigma on input line 95.
LaTeX Font Info:    Redeclaring math symbol \Upsilon on input line 95.
LaTeX Font Info:    Redeclaring math symbol \Phi on input line 95.
LaTeX Font Info:    Redeclaring math symbol \Psi on input line 95.
LaTeX Font Info:    Redeclaring math symbol \Omega on input line 95.
LaTeX Font Info:    Redeclaring math symbol \mathdollar on input line 95.
LaTeX Font Info:    Redeclaring symbol font `operators' on input line 95.
LaTeX Font Info:    Encoding `OT1' has changed to `TU' for symbol font
(Font)              `operators' in the math version `normal' on input line 95.
LaTeX Font Info:    Overwriting symbol font `operators' in version `normal'
(Font)                  OT1/cmr/m/n --> TU/Brill(0)/m/n on input line 95.
LaTeX Font Info:    Encoding `OT1' has changed to `TU' for symbol font
(Font)              `operators' in the math version `bold' on input line 95.
LaTeX Font Info:    Overwriting symbol font `operators' in version `bold'
(Font)                  OT1/cmr/bx/n --> TU/Brill(0)/m/n on input line 95.
LaTeX Font Info:    Overwriting symbol font `operators' in version `normal'
(Font)                  TU/Brill(0)/m/n --> TU/Brill(0)/m/n on input line 95.
LaTeX Font Info:    Overwriting math alphabet `\mathit' in version `normal'
(Font)                  OT1/cmr/m/it --> TU/Brill(0)/m/it on input line 95.
LaTeX Font Info:    Overwriting math alphabet `\mathbf' in version `normal'
(Font)                  OT1/cmr/bx/n --> TU/Brill(0)/bx/n on input line 95.
LaTeX Font Info:    Overwriting math alphabet `\mathsf' in version `normal'
(Font)                  OT1/cmss/m/n --> TU/DejaVuSans(0)/m/n on input line 95.

LaTeX Font Info:    Overwriting math alphabet `\mathtt' in version `normal'
(Font)                  OT1/cmtt/m/n --> TU/DejaVuSansMono(0)/m/n on input line
 95.
LaTeX Font Info:    Overwriting symbol font `operators' in version `bold'
(Font)                  TU/Brill(0)/m/n --> TU/Brill(0)/bx/n on input line 95.
LaTeX Font Info:    Overwriting math alphabet `\mathit' in version `bold'
(Font)                  OT1/cmr/bx/it --> TU/Brill(0)/bx/it on input line 95.
LaTeX Font Info:    Overwriting math alphabet `\mathsf' in version `bold'
(Font)                  OT1/cmss/bx/n --> TU/DejaVuSans(0)/bx/n on input line 9
5.
LaTeX Font Info:    Overwriting math alphabet `\mathtt' in version `bold'
(Font)                  OT1/cmtt/m/n --> TU/DejaVuSansMono(0)/bx/n on input lin
e 95.

ABD: EveryShipout initializing macros
\g__fontspec_family_CharisSIL_int=\count406
.................................................
. fontspec info: "defining-font"
. 
. Font family 'CharisSIL(0)' created for font 'Charis SIL' with options
. [Scale=0.91,FakeSlant=0.15,Mapping=tex-text].
.  
.  This font family consists of the following NFSS series/shapes:
.  
. - 'normal' (m/n) with NFSS spec.: <->s*[0.91]"Charis
. SIL/OT:script=latn;language=DFLT;slant=0.15;mapping=tex-text;"
. - 'small caps'  (m/sc) with NFSS spec.: <->s*[0.91]"Charis
. SIL/OT:script=latn;language=DFLT;slant=0.15;+smcp;mapping=tex-text;"
. - 'bold' (bx/n) with NFSS spec.: <->s*[0.91]"Charis
. SIL/B/OT:script=latn;language=DFLT;slant=0.15;mapping=tex-text;"
. - 'bold small caps'  (bx/sc) with NFSS spec.: <->s*[0.91]"Charis
. SIL/B/OT:script=latn;language=DFLT;slant=0.15;+smcp;mapping=tex-text;"
. - 'italic' (m/it) with NFSS spec.: <->s*[0.91]"Charis
. SIL/I/OT:script=latn;language=DFLT;slant=0.15;mapping=tex-text;"
. - 'italic small caps'  (m/itsc) with NFSS spec.: <->s*[0.91]"Charis
. SIL/I/OT:script=latn;language=DFLT;slant=0.15;+smcp;mapping=tex-text;"
. - 'bold italic' (bx/it) with NFSS spec.: <->s*[0.91]"Charis
. SIL/BI/OT:script=latn;language=DFLT;slant=0.15;mapping=tex-text;"
. - 'bold italic small caps'  (bx/itsc) with NFSS spec.: <->s*[0.91]"Charis
. SIL/BI/OT:script=latn;language=DFLT;slant=0.15;+smcp;mapping=tex-text;"
.................................................
LaTeX Font Info:    Font shape `TU/CharisSIL(0)/bx/n' will be
(Font)              scaled to size 13.10403pt on input line 96.
LaTeX Font Info:    Try loading font information for U+msa on input line 98.

(/usr/share/texmf-dist/tex/latex/amsfonts/umsa.fd
File: umsa.fd 2013/01/14 v3.01 AMS symbols A
)
LaTeX Font Info:    Try loading font information for U+msb on input line 98.

(/usr/share/texmf-dist/tex/latex/amsfonts/umsb.fd
File: umsb.fd 2013/01/14 v3.01 AMS symbols B
)
LaTeX Font Info:    Font shape `TU/CharisSIL(0)/bx/it' will be
(Font)              scaled to size 10.92004pt on input line 118.
LaTeX Font Info:    Font shape `TU/CharisSIL(0)/bx/n' will be
(Font)              scaled to size 10.92004pt on input line 118.
 [1


] [2]
LaTeX Font Info:    Font shape `TU/CharisSIL(0)/bx/it' will be
(Font)              scaled to size 9.96452pt on input line 235.
LaTeX Font Info:    Font shape `TU/CharisSIL(0)/bx/n' will be
(Font)              scaled to size 9.96452pt on input line 235.
 [3] [4] [5] [6]
[7] [8] [9]
Underfull \vbox (badness 10000) has occurred while \output is active []

 [10]
[11]
Missing character: There is no  in font Brill Bold/OT:script=latn;language=DFL
T;mapping=tex-text;!
Missing character: There is no  in font Brill Bold/OT:script=latn;language=DFL
T;mapping=tex-text;!
Missing character: There is no  in font Brill Bold/OT:script=latn;language=DFL
T;mapping=tex-text;!
Missing character: There is no  in font Brill Bold/OT:script=latn;language=DFL
T;mapping=tex-text;!
 [12

] [13] [14]
Underfull \vbox (badness 10000) has occurred while \output is active []

 [15]
Underfull \vbox (badness 10000) has occurred while \output is active []

 [16]
[17] [18]
Underfull \vbox (badness 10000) has occurred while \output is active []

 [19]
[20]
Underfull \vbox (badness 10000) has occurred while \output is active []

 [21]
Underfull \vbox (badness 10000) has occurred while \output is active []

 [22]
[23] [24

]
Underfull \vbox (badness 10000) has occurred while \output is active []

 [25]
[26] [27

]
Overfull \vbox (4.57623pt too high) has occurred while \output is active []


[28] [29] [30] [31

] [32] [33] [34]
Missing character: There is no  in font Brill Bold/OT:script=latn;language=DFL
T;mapping=tex-text;!
Missing character: There is no  in font Brill Bold/OT:script=latn;language=DFL
T;mapping=tex-text;!
Missing character: There is no  in font Brill Bold/OT:script=latn;language=DFL
T;mapping=tex-text;!
Missing character: There is no  in font Brill Bold/OT:script=latn;language=DFL
T;mapping=tex-text;!
Missing character: There is no  in font Brill Bold/OT:script=latn;language=DFL
T;mapping=tex-text;!
 [35

] [36] [37] [38]
Missing character: There is no  in font Brill Bold/OT:script=latn;language=DFL
T;mapping=tex-text;!
Missing character: There is no  in font Brill Bold/OT:script=latn;language=DFL
T;mapping=tex-text;!
Missing character: There is no  in font Brill Bold/OT:script=latn;language=DFL
T;mapping=tex-text;!

Underfull \vbox (badness 10000) has occurred while \output is active []

 [39

]
[40]
Missing character: There is no  in font Brill Bold/OT:script=latn;language=DFL
T;mapping=tex-text;!
Missing character: There is no  in font Brill Bold/OT:script=latn;language=DFL
T;mapping=tex-text;!
 [41

] [42] [43] [44

]
Missing character: There is no  in font Brill Bold/OT:script=latn;language=DFL
T;mapping=tex-text;!
Missing character: There is no  in font Brill Bold/OT:script=latn;language=DFL
T;mapping=tex-text;!
Missing character: There is no  in font Brill Bold/OT:script=latn;language=DFL
T;mapping=tex-text;!
Missing character: There is no  in font Brill Bold/OT:script=latn;language=DFL
T;mapping=tex-text;!
Missing character: There is no  in font Brill Bold/OT:script=latn;language=DFL
T;mapping=tex-text;!
 [45

] [46] [47] [48]
Missing character: There is no  in font Brill Bold/OT:script=latn;language=DFL
T;mapping=tex-text;!
Missing character: There is no  in font Brill Bold/OT:script=latn;language=DFL
T;mapping=tex-text;!
Missing character: There is no  in font Brill Bold/OT:script=latn;language=DFL
T;mapping=tex-text;!
Missing character: There is no  in font Brill Bold/OT:script=latn;language=DFL
T;mapping=tex-text;!
Missing character: There is no  in font Brill Bold/OT:script=latn;language=DFL
T;mapping=tex-text;!
 [49

] [50] [51]
Underfull \vbox (badness 10000) has occurred while \output is active []

 [52]
[53] [54

] [55

] [56] [57]
Overfull \vbox (1.60281pt too high) has occurred while \output is active []


[58] [59] [60

] [61] [62

] [63

] [64

]
Missing character: There is no  in font Brill Bold/OT:script=latn;language=DFL
T;mapping=tex-text;!
Missing character: There is no  in font Brill Bold/OT:script=latn;language=DFL
T;mapping=tex-text;!
 [65

] [66] [67] [68] [69] [70

] [71

]
Missing character: There is no  in font Brill Bold/OT:script=latn;language=DFL
T;mapping=tex-text;!
Missing character: There is no  in font Brill Bold/OT:script=latn;language=DFL
T;mapping=tex-text;!
 [72

]
[73

] [74

] [75

] [76

] [77

] [78

] [79

]
Underfull \vbox (badness 10000) has occurred while \output is active []

 [80]
[81] [82]
Underfull \vbox (badness 10000) has occurred while \output is active []

 [83]
[84] [85

]
Underfull \vbox (badness 10000) has occurred while \output is active []

 [86]
[87] [88]
Overfull \vbox (9.6531pt too high) has occurred while \output is active []


[89

]
Overfull \vbox (6.99414pt too high) has occurred while \output is active []


[90] [91] [92

] [93] [94

] [95] [96

] [97

] [98

] [99] [100]
Missing character: There is no  in font Brill Bold/OT:script=latn;language=DFL
T;mapping=tex-text;!
 [101

] [102] [103]
[104]
Overfull \vbox (1.46284pt too high) has occurred while \output is active []


[105]
Underfull \vbox (badness 10000) has occurred while \output is active []

 [106]
[107] [108

] [109

] [110

] [111

] [112

]
Underfull \vbox (badness 10000) has occurred while \output is active []

 [113

]
[114] [115

] [116

] [117] [118

] [119] [120] [121] [122] [123

] [124] [125

]
[126] [127

] [128] [129

]
Underfull \vbox (badness 10000) has occurred while \output is active []

 [130

]
[131] [132

] [133] [134]
Underfull \vbox (badness 10000) has occurred while \output is active []

 [135]
[136] [137

]
Underfull \vbox (badness 10000) has occurred while \output is active []

 [138]
[139] [140

] [141] [142

] [143

] [144

] [145]
Missing character: There is no  in font Brill Bold/OT:script=latn;language=DFL
T;mapping=tex-text;!
 [146

] [147

] [148

] [149] [150]
[151] [152] [153] [154

] [155] [156] [157

] [158

] [159

] [160

] [161

] [162]
[163

] [164] [165] [166

] [167] [168] [169] [170] [171] [172]
Underfull \vbox (badness 10000) has occurred while \output is active []

 [173]
[174]
Underfull \vbox (badness 10000) has occurred while \output is active []

 [175]
Underfull \vbox (badness 10000) has occurred while \output is active []

 [176]
[177] [178

] [179] [180

] [181

] [182

]
Missing character: There is no  in font Brill Bold/OT:script=latn;language=DFL
T;mapping=tex-text;!
Missing character: There is no  in font Brill Bold/OT:script=latn;language=DFL
T;mapping=tex-text;!
 [183

] [184

] [185

] [186

] [187] [188

]
[189

] [190

] [191

] [192

] [193

] [194

] [195

] [196] [197

] [198

] [199] [200]
[201] [202] [203] [204] [205] [206

] [207] [208] [209] [210]
Underfull \vbox (badness 10000) has occurred while \output is active []

 [211]
[212

] [213] [214] [215] [216

] [217] [218] [219

] [220] [221] [222]
Underfull \vbox (badness 10000) has occurred while \output is active []

 [223]
Underfull \vbox (badness 10000) has occurred while \output is active []

 [224]
[225] [226]
Missing character: There is no  in font Brill Bold/OT:script=latn;language=DFL
T;mapping=tex-text;!
Missing character: There is no  in font Brill Bold/OT:script=latn;language=DFL
T;mapping=tex-text;!
Missing character: There is no  in font Brill Bold/OT:script=latn;language=DFL
T;mapping=tex-text;!
Missing character: There is no  in font Brill Bold/OT:script=latn;language=DFL
T;mapping=tex-text;!
 [227

]
Overfull \vbox (4.3333pt too high) has occurred while \output is active []


[228]
Overfull \vbox (7.48141pt too high) has occurred while \output is active []


[229] [230] [231] [232

] [233]
Missing character: There is no  in font Brill Bold/OT:script=latn;language=DFL
T;mapping=tex-text;!
 [234

]
Overfull \vbox (0.77745pt too high) has occurred while \output is active []


[235] [236] [237] [238

] [239

] [240]
Underfull \vbox (badness 10000) has occurred while \output is active []

 [241

]
[242] [243

] [244] [245] [246

] [247] [248] [249] [250] [251] [252] [253]
[254] [255] [256] [257] [258] [259] [260] [261]
! Extra alignment tab has been changed to \cr.
<recently read> \endtemplate 
                             
l.10906 \end{longtabu}
                      
? 
! Extra alignment tab has been changed to \cr.
<recently read> \endtemplate 
                             
l.10906 \end{longtabu}
                      
? 
! Extra alignment tab has been changed to \cr.
<recently read> \endtemplate 
                             
l.10906 \end{longtabu}
                      
? 
[262] [263] [264] [265] [266] [267] [268]
Underfull \vbox (badness 10000) has occurred while \output is active []

 [269]
Underfull \vbox (badness 10000) has occurred while \output is active []

 [270]
Underfull \vbox (badness 10000) has occurred while \output is active []

 [271]
[272]
Missing character: There is no  in font Brill Bold/OT:script=latn;language=DFL
T;mapping=tex-text;!
Missing character: There is no  in font Brill Bold/OT:script=latn;language=DFL
T;mapping=tex-text;!
Missing character: There is no  in font Brill Bold/OT:script=latn;language=DFL
T;mapping=tex-text;!
Missing character: There is no  in font Brill Bold/OT:script=latn;language=DFL
T;mapping=tex-text;!
Missing character: There is no  in font Brill Bold/OT:script=latn;language=DFL
T;mapping=tex-text;!
Missing character: There is no  in font Brill Bold/OT:script=latn;language=DFL
T;mapping=tex-text;!
Missing character: There is no  in font Brill Bold/OT:script=latn;language=DFL
T;mapping=tex-text;!
Missing character: There is no  in font Brill Bold/OT:script=latn;language=DFL
T;mapping=tex-text;!
Missing character: There is no  in font Brill Bold/OT:script=latn;language=DFL
T;mapping=tex-text;!
Missing character: There is no  in font Brill Bold/OT:script=latn;language=DFL
T;mapping=tex-text;!
Missing character: There is no  in font Brill Bold/OT:script=latn;language=DFL
T;mapping=tex-text;!
Missing character: There is no  in font Brill Bold/OT:script=latn;language=DFL
T;mapping=tex-text;!
Missing character: There is no  in font Brill Bold/OT:script=latn;language=DFL
T;mapping=tex-text;!
Missing character: There is no  in font Brill Bold/OT:script=latn;language=DFL
T;mapping=tex-text;!
Missing character: There is no  in font Brill Bold/OT:script=latn;language=DFL
T;mapping=tex-text;!
Missing character: There is no  in font Brill Bold/OT:script=latn;language=DFL
T;mapping=tex-text;!
Missing character: There is no  in font Brill Bold/OT:script=latn;language=DFL
T;mapping=tex-text;!
Missing character: There is no  in font Brill Bold/OT:script=latn;language=DFL
T;mapping=tex-text;!
Missing character: There is no  in font Brill Bold/OT:script=latn;language=DFL
T;mapping=tex-text;!
Missing character: There is no  in font Brill Bold/OT:script=latn;language=DFL
T;mapping=tex-text;!
Missing character: There is no  in font Brill Bold/OT:script=latn;language=DFL
T;mapping=tex-text;!
Missing character: There is no  in font Brill Bold/OT:script=latn;language=DFL
T;mapping=tex-text;!
Missing character: There is no  in font Brill Bold/OT:script=latn;language=DFL
T;mapping=tex-text;!
Missing character: There is no  in font Brill Bold/OT:script=latn;language=DFL
T;mapping=tex-text;!
Missing character: There is no  in font Brill Bold/OT:script=latn;language=DFL
T;mapping=tex-text;!
Missing character: There is no  in font Brill Bold/OT:script=latn;language=DFL
T;mapping=tex-text;!
Missing character: There is no  in font Brill Bold/OT:script=latn;language=DFL
T;mapping=tex-text;!
Missing character: There is no  in font Brill Bold/OT:script=latn;language=DFL
T;mapping=tex-text;!
Missing character: There is no  in font Brill Bold/OT:script=latn;language=DFL
T;mapping=tex-text;!
Missing character: There is no  in font Brill Bold/OT:script=latn;language=DFL
T;mapping=tex-text;!
Missing character: There is no  in font Brill Bold/OT:script=latn;language=DFL
T;mapping=tex-text;!
Missing character: There is no  in font Brill Bold/OT:script=latn;language=DFL
T;mapping=tex-text;!
Missing character: There is no  in font Brill Bold/OT:script=latn;language=DFL
T;mapping=tex-text;!
Missing character: There is no  in font Brill Bold/OT:script=latn;language=DFL
T;mapping=tex-text;!
Missing character: There is no  in font Brill Bold/OT:script=latn;language=DFL
T;mapping=tex-text;!
Missing character: There is no  in font Brill Bold/OT:script=latn;language=DFL
T;mapping=tex-text;!
Missing character: There is no  in font Brill Bold/OT:script=latn;language=DFL
T;mapping=tex-text;!
Missing character: There is no  in font Brill Bold/OT:script=latn;language=DFL
T;mapping=tex-text;!
Missing character: There is no  in font Brill Bold/OT:script=latn;language=DFL
T;mapping=tex-text;!
Missing character: There is no  in font Brill Bold/OT:script=latn;language=DFL
T;mapping=tex-text;!
Missing character: There is no  in font Brill Bold/OT:script=latn;language=DFL
T;mapping=tex-text;!
Missing character: There is no  in font Brill Bold/OT:script=latn;language=DFL
T;mapping=tex-text;!
Missing character: There is no  in font Brill Bold/OT:script=latn;language=DFL
T;mapping=tex-text;!
Missing character: There is no  in font Brill Bold/OT:script=latn;language=DFL
T;mapping=tex-text;!
Missing character: There is no  in font Brill Bold/OT:script=latn;language=DFL
T;mapping=tex-text;!
Missing character: There is no  in font Brill Bold/OT:script=latn;language=DFL
T;mapping=tex-text;!
Missing character: There is no  in font Brill Bold/OT:script=latn;language=DFL
T;mapping=tex-text;!
Missing character: There is no  in font Brill Bold/OT:script=latn;language=DFL
T;mapping=tex-text;!
Missing character: There is no  in font Brill Bold/OT:script=latn;language=DFL
T;mapping=tex-text;!
Missing character: There is no  in font Brill Bold/OT:script=latn;language=DFL
T;mapping=tex-text;!
Missing character: There is no  in font Brill Bold/OT:script=latn;language=DFL
T;mapping=tex-text;!
Missing character: There is no  in font Brill Bold/OT:script=latn;language=DFL
T;mapping=tex-text;!
Missing character: There is no  in font Brill Bold/OT:script=latn;language=DFL
T;mapping=tex-text;!
Missing character: There is no  in font Brill Bold/OT:script=latn;language=DFL
T;mapping=tex-text;!
Missing character: There is no  in font Brill Bold/OT:script=latn;language=DFL
T;mapping=tex-text;!
Missing character: There is no  in font Brill Bold/OT:script=latn;language=DFL
T;mapping=tex-text;!
Missing character: There is no  in font Brill Bold/OT:script=latn;language=DFL
T;mapping=tex-text;!
Missing character: There is no  in font Brill Bold/OT:script=latn;language=DFL
T;mapping=tex-text;!
Missing character: There is no  in font Brill Bold/OT:script=latn;language=DFL
T;mapping=tex-text;!
Missing character: There is no  in font Brill Bold/OT:script=latn;language=DFL
T;mapping=tex-text;!
Missing character: There is no  in font Brill Bold/OT:script=latn;language=DFL
T;mapping=tex-text;!
Missing character: There is no  in font Brill Bold/OT:script=latn;language=DFL
T;mapping=tex-text;!
Missing character: There is no  in font Brill Bold/OT:script=latn;language=DFL
T;mapping=tex-text;!
Missing character: There is no  in font Brill Bold/OT:script=latn;language=DFL
T;mapping=tex-text;!
Missing character: There is no  in font Brill Bold/OT:script=latn;language=DFL
T;mapping=tex-text;!
Missing character: There is no  in font Brill Bold/OT:script=latn;language=DFL
T;mapping=tex-text;!
Missing character: There is no  in font Brill Bold/OT:script=latn;language=DFL
T;mapping=tex-text;!
Missing character: There is no  in font Brill Bold/OT:script=latn;language=DFL
T;mapping=tex-text;!
Missing character: There is no  in font Brill Bold/OT:script=latn;language=DFL
T;mapping=tex-text;!
Missing character: There is no  in font Brill Bold/OT:script=latn;language=DFL
T;mapping=tex-text;!
Missing character: There is no  in font Brill Bold/OT:script=latn;language=DFL
T;mapping=tex-text;!
Missing character: There is no  in font Brill Bold/OT:script=latn;language=DFL
T;mapping=tex-text;!
Missing character: There is no  in font Brill Bold/OT:script=latn;language=DFL
T;mapping=tex-text;!
Missing character: There is no  in font Brill Bold/OT:script=latn;language=DFL
T;mapping=tex-text;!
Missing character: There is no  in font Brill Bold/OT:script=latn;language=DFL
T;mapping=tex-text;!
Missing character: There is no  in font Brill Bold/OT:script=latn;language=DFL
T;mapping=tex-text;!
Missing character: There is no  in font Brill Bold/OT:script=latn;language=DFL
T;mapping=tex-text;!
Missing character: There is no  in font Brill Bold/OT:script=latn;language=DFL
T;mapping=tex-text;!
Missing character: There is no  in font Brill Bold/OT:script=latn;language=DFL
T;mapping=tex-text;!
Missing character: There is no  in font Brill Bold/OT:script=latn;language=DFL
T;mapping=tex-text;!
Missing character: There is no  in font Brill Bold/OT:script=latn;language=DFL
T;mapping=tex-text;!
Missing character: There is no  in font Brill Bold/OT:script=latn;language=DFL
T;mapping=tex-text;!
Missing character: There is no  in font Brill Bold/OT:script=latn;language=DFL
T;mapping=tex-text;!
Missing character: There is no  in font Brill Bold/OT:script=latn;language=DFL
T;mapping=tex-text;!
Missing character: There is no  in font Brill Bold/OT:script=latn;language=DFL
T;mapping=tex-text;!
Missing character: There is no  in font Brill Bold/OT:script=latn;language=DFL
T;mapping=tex-text;!
Missing character: There is no  in font Brill Bold/OT:script=latn;language=DFL
T;mapping=tex-text;!
Missing character: There is no  in font Brill Bold/OT:script=latn;language=DFL
T;mapping=tex-text;!
Missing character: There is no  in font Brill Bold/OT:script=latn;language=DFL
T;mapping=tex-text;!
Missing character: There is no  in font Brill Bold/OT:script=latn;language=DFL
T;mapping=tex-text;!

Underfull \vbox (badness 10000) has occurred while \output is active []

 [273

]
Overfull \vbox (10094.33148pt too high) has occurred while \output is active []



[274]
Underfull \vbox (badness 10000) has occurred while \output is active []

 [275]
[276] [277] [278] [279]
Underfull \vbox (badness 10000) has occurred while \output is active []

 [280]
[281] [282] [283]
Overfull \vbox (5.48483pt too high) has occurred while \output is active []


[284]
Underfull \vbox (badness 10000) has occurred while \output is active []

 [285]
[286] [287]
Underfull \vbox (badness 10000) has occurred while \output is active []

 [288]
Underfull \vbox (badness 10000) has occurred while \output is active []

 [289]
[290]
! Extra alignment tab has been changed to \cr.
<recently read> \endtemplate 
                             
l.13030 \end{longtabu}
                      
? 
! Extra alignment tab has been changed to \cr.
<recently read> \endtemplate 
                             
l.13030 \end{longtabu}
                      
? 
! Extra alignment tab has been changed to \cr.
<recently read> \endtemplate 
                             
l.13030 \end{longtabu}
                      
? 

Overfull \vbox (7.4475pt too high) has occurred while \output is active []


[291]
Underfull \vbox (badness 10000) has occurred while \output is active []

 [292]
[293]
Underfull \vbox (badness 10000) has occurred while \output is active []

 [294]
Overfull \vbox (4.42752pt too high) has occurred while \output is active []


[295] [296] [297]
Underfull \vbox (badness 10000) has occurred while \output is active []

 [298]
Overfull \vbox (6.22147pt too high) has occurred while \output is active []


[299]
Underfull \vbox (badness 10000) has occurred while \output is active []

 [300]
Underfull \vbox (badness 10000) has occurred while \output is active []

 [301]
[302]
Underfull \vbox (badness 10000) has occurred while \output is active []

 [303]
[304] [305] [306]
Underfull \vbox (badness 10000) has occurred while \output is active []

 [307]
[308] [309] [310]
Underfull \vbox (badness 10000) has occurred while \output is active []

 [311]
[312] [313]
Underfull \vbox (badness 10000) has occurred while \output is active []

 [314]
[315] [316] [317] [318]
Underfull \vbox (badness 10000) has occurred while \output is active []

 [319]
[320] [321] [322] [323] [324] [325] [326] [327] [328] [329]
Underfull \vbox (badness 10000) has occurred while \output is active []

 [330]
[331] [332] [333]
Underfull \vbox (badness 10000) has occurred while \output is active []

 [334]
Underfull \vbox (badness 10000) has occurred while \output is active []

 [335]
Underfull \vbox (badness 10000) has occurred while \output is active []

 [336]
Underfull \vbox (badness 10000) has occurred while \output is active []

 [337]
[338]
Underfull \vbox (badness 10000) has occurred while \output is active []

 [339]
Underfull \vbox (badness 10000) has occurred while \output is active []

 [340]
[341] [342] [343] [344]
Underfull \vbox (badness 10000) has occurred while \output is active []

 [345]
Underfull \vbox (badness 10000) has occurred while \output is active []

 [346]
[347]
Underfull \vbox (badness 10000) has occurred while \output is active []

 [348]
Underfull \vbox (badness 10000) has occurred while \output is active []

 [349]
Underfull \vbox (badness 10000) has occurred while \output is active []

 [350]
[351]
Underfull \vbox (badness 10000) has occurred while \output is active []

 [352]
[353] [354]
Underfull \vbox (badness 10000) has occurred while \output is active []

 [355]
Underfull \vbox (badness 10000) has occurred while \output is active []

 [356]
[357] [358] [359] [360] [361] [362] [363] [364] [365] [366] [367]
Underfull \vbox (badness 10000) has occurred while \output is active []

 [368]
Underfull \vbox (badness 10000) has occurred while \output is active []

 [369]
Underfull \vbox (badness 10000) has occurred while \output is active []

 [370]
Underfull \vbox (badness 10000) has occurred while \output is active []

 [371]
! Extra alignment tab has been changed to \cr.
<recently read> \endtemplate 
                             
l.18353 \end{longtabu}
                      
? 
! Extra alignment tab has been changed to \cr.
<recently read> \endtemplate 
                             
l.18353 \end{longtabu}
                      
? 
! Extra alignment tab has been changed to \cr.
<recently read> \endtemplate 
                             
l.18353 \end{longtabu}
                      
? 

Overfull \vbox (7.7348pt too high) has occurred while \output is active []


[372]
Underfull \vbox (badness 10000) has occurred while \output is active []

 [373]
Underfull \vbox (badness 10000) has occurred while \output is active []

 [374]
[375] [376] [377] [378] [379]
Underfull \vbox (badness 10000) has occurred while \output is active []

 [380]
[381]
Underfull \vbox (badness 10000) has occurred while \output is active []

 [382]
Underfull \vbox (badness 10000) has occurred while \output is active []

 [383]
[384] [385]
Underfull \vbox (badness 10000) has occurred while \output is active []

 [386]
Underfull \vbox (badness 10000) has occurred while \output is active []

 [387]
Underfull \vbox (badness 10000) has occurred while \output is active []

 [388]
Overfull \vbox (5.84656pt too high) has occurred while \output is active []


[389] [390] [391] [392]
Underfull \vbox (badness 10000) has occurred while \output is active []

 [393]
[394] [395] [396] [397]
Underfull \vbox (badness 10000) has occurred while \output is active []

 [398]
Underfull \vbox (badness 10000) has occurred while \output is active []

 [399]
[400] [401] [402] [403] [404] [405]
Underfull \vbox (badness 10000) has occurred while \output is active []

 [406]
[407] [408] [409] [410]
Overfull \vbox (5.83188pt too high) has occurred while \output is active []


[411]
Underfull \vbox (badness 10000) has occurred while \output is active []

 [412]
Underfull \vbox (badness 10000) has occurred while \output is active []

 [413]
Underfull \vbox (badness 10000) has occurred while \output is active []

 [414]
Overfull \vbox (3.24905pt too high) has occurred while \output is active []


[415] [416]
Overfull \vbox (6.53201pt too high) has occurred while \output is active []


[417]
Underfull \vbox (badness 10000) has occurred while \output is active []

 [418]
[419] [420]
Overfull \vbox (7.77507pt too high) has occurred while \output is active []


[421

] [422] [423

]
Missing character: There is no  in font Brill Bold/OT:script=latn;language=DFL
T;mapping=tex-text;!
Missing character: There is no  in font Brill Bold/OT:script=latn;language=DFL
T;mapping=tex-text;!
 [424

] [425] [426]
Underfull \vbox (badness 10000) has occurred while \output is active []

 [427]
[428] [429

] [430

]
Underfull \vbox (badness 10000) has occurred while \output is active []

 [431]
[432] [433] [434

] [435

] [436

]
Missing character: There is no  in font Brill Bold/OT:script=latn;language=DFL
T;mapping=tex-text;!
 [437

] [438

] [439]
Missing character: There is no  in font Brill Bold/OT:script=latn;language=DFL
T;mapping=tex-text;!
Missing character: There is no  in font Brill Bold/OT:script=latn;language=DFL
T;mapping=tex-text;!
Missing character: There is no  in font Brill Bold/OT:script=latn;language=DFL
T;mapping=tex-text;!
 [440

] [441] [442] [443]
[444

] [445] [446]
Underfull \vbox (badness 10000) has occurred while \output is active []

 [447]
[448] [449

] [450] [451] [452] [453] [454] [455] [456] [457] [458] [459]
[460] [461] [462] [463] [464] [465] [466] [467] [468

] [469] [470] [471]
Overfull \vbox (2.45677pt too high) has occurred while \output is active []


[472] [473]
Overfull \vbox (0.84674pt too high) has occurred while \output is active []


[474] [475] [476] [477] [478] [479]
Underfull \vbox (badness 10000) has occurred while \output is active []

 [480]
[481]
Underfull \vbox (badness 10000) has occurred while \output is active []

 [482

]
[483] [484] [485] [486] [487] [488] [489] [490] [491] [492] [493] [494]
[495] [496] [497] [498] [499] [500] [501] [502] [503] [504] [505] [506]
[507] [508] [509] [510] [511] [512] [513]
Underfull \vbox (badness 10000) has occurred while \output is active []

 [514]
[515]
Underfull \vbox (badness 10000) has occurred while \output is active []

 [516]
Underfull \vbox (badness 10000) has occurred while \output is active []

 [517]
[518] (./burmish-patterns.aux) ) 
Here is how much of TeX's memory you used:
 44241 strings out of 493010
 919366 string characters out of 6140133
 1747152 words of memory out of 5000000
 47677 multiletter control sequences out of 15000+600000
 536421 words of font info for 91 fonts, out of 8000000 for 9000
 1348 hyphenation exceptions out of 8191
 58i,12n,71p,10417b,628s stack positions out of 5000i,500n,10000p,200000b,80000s

Output written on burmish-patterns.pdf (518 pages).
