This is XeTeX, Version 3.14159265-2.6-0.999991 (TeX Live 2019/Arch Linux) (preloaded format=xelatex 2020.1.1)  11 JAN 2020 08:11
entering extended mode
 restricted \write18 enabled.
 %&-line parsing enabled.
**output
(./output.tex
LaTeX2e <2019-10-01> patch level 1

! LaTeX Error: Lonely \item--perhaps a missing list environment.

See the LaTeX manual or LaTeX Companion for explanation.
Type  H <return>  for immediate help.
 ...                                              
                                                  
l.2 \textbf
           {*ba}
? 
! Emergency stop.
 ...                                              
                                                  
l.2 \textbf
           {*ba}
Try typing  <return>  to proceed.
If that doesn't work, type  X <return>  to quit.

 
Here is how much of TeX's memory you used:
 4 strings out of 492483
 189 string characters out of 6134980
 66274 words of memory out of 5000000
 4587 multiletter control sequences out of 15000+600000
 3640 words of font info for 14 fonts, out of 8000000 for 9000
 1348 hyphenation exceptions out of 8191
 7i,0n,7p,21b,19s stack positions out of 5000i,500n,10000p,200000b,80000s
No pages of output.
